Started GET "/" for ::1 at 2017-03-12 23:42:04 -0600
  
Mysql2::Error (Can't connect to local MySQL server through socket '/tmp/mysql.sock' (2)):
  
mysql2 (0.4.5) lib/mysql2/client.rb:89:in `connect'
mysql2 (0.4.5) lib/mysql2/client.rb:89:in `initialize'
activerecord (5.0.2) lib/active_record/connection_adapters/mysql2_adapter.rb:25:in `new'
activerecord (5.0.2) lib/active_record/connection_adapters/mysql2_adapter.rb:25:in `mysql2_connection'
activerecord (5.0.2) lib/active_record/connection_adapters/abstract/connection_pool.rb:729:in `new_connection'
activerecord (5.0.2) lib/active_record/connection_adapters/abstract/connection_pool.rb:773:in `checkout_new_connection'
activerecord (5.0.2) lib/active_record/connection_adapters/abstract/connection_pool.rb:752:in `try_to_checkout_new_connection'
activerecord (5.0.2) lib/active_record/connection_adapters/abstract/connection_pool.rb:713:in `acquire_connection'
activerecord (5.0.2) lib/active_record/connection_adapters/abstract/connection_pool.rb:490:in `checkout'
activerecord (5.0.2) lib/active_record/connection_adapters/abstract/connection_pool.rb:364:in `connection'
activerecord (5.0.2) lib/active_record/connection_adapters/abstract/connection_pool.rb:883:in `retrieve_connection'
activerecord (5.0.2) lib/active_record/connection_handling.rb:128:in `retrieve_connection'
activerecord (5.0.2) lib/active_record/connection_handling.rb:91:in `connection'
activerecord (5.0.2) lib/active_record/migration.rb:559:in `connection'
activerecord (5.0.2) lib/active_record/migration.rb:546:in `call'
actionpack (5.0.2) lib/action_dispatch/middleware/callbacks.rb:38:in `block in call'
activesupport (5.0.2) lib/active_support/callbacks.rb:97:in `__run_callbacks__'
activesupport (5.0.2) lib/active_support/callbacks.rb:750:in `_run_call_callbacks'
activesupport (5.0.2) lib/active_support/callbacks.rb:90:in `run_callbacks'
actionpack (5.0.2) lib/action_dispatch/middleware/callbacks.rb:36:in `call'
actionpack (5.0.2) lib/action_dispatch/middleware/executor.rb:12:in `call'
actionpack (5.0.2) lib/action_dispatch/middleware/remote_ip.rb:79:in `call'
actionpack (5.0.2) lib/action_dispatch/middleware/debug_exceptions.rb:49:in `call'
web-console (3.4.0) lib/web_console/middleware.rb:135:in `call_app'
web-console (3.4.0) lib/web_console/middleware.rb:28:in `block in call'
web-console (3.4.0) lib/web_console/middleware.rb:18:in `catch'
web-console (3.4.0) lib/web_console/middleware.rb:18:in `call'
actionpack (5.0.2) lib/action_dispatch/middleware/show_exceptions.rb:31:in `call'
railties (5.0.2) lib/rails/rack/logger.rb:36:in `call_app'
railties (5.0.2) lib/rails/rack/logger.rb:24:in `block in call'
activesupport (5.0.2) lib/active_support/tagged_logging.rb:69:in `block in tagged'
activesupport (5.0.2) lib/active_support/tagged_logging.rb:26:in `tagged'
activesupport (5.0.2) lib/active_support/tagged_logging.rb:69:in `tagged'
railties (5.0.2) lib/rails/rack/logger.rb:24:in `call'
sprockets-rails (3.2.0) lib/sprockets/rails/quiet_assets.rb:13:in `call'
actionpack (5.0.2) lib/action_dispatch/middleware/request_id.rb:24:in `call'
rack (2.0.1) lib/rack/method_override.rb:22:in `call'
rack (2.0.1) lib/rack/runtime.rb:22:in `call'
activesupport (5.0.2) lib/active_support/cache/strategy/local_cache_middleware.rb:28:in `call'
actionpack (5.0.2) lib/action_dispatch/middleware/executor.rb:12:in `call'
actionpack (5.0.2) lib/action_dispatch/middleware/static.rb:136:in `call'
rack (2.0.1) lib/rack/sendfile.rb:111:in `call'
railties (5.0.2) lib/rails/engine.rb:522:in `call'
puma (3.8.1) lib/puma/configuration.rb:224:in `call'
puma (3.8.1) lib/puma/server.rb:590:in `handle_request'
puma (3.8.1) lib/puma/server.rb:425:in `process_client'
puma (3.8.1) lib/puma/server.rb:289:in `block in run'
puma (3.8.1) lib/puma/thread_pool.rb:120:in `block in spawn_thread'
  Rendering /Users/Emrazian/.rvm/gems/ruby-2.4.0@woof/gems/actionpack-5.0.2/lib/action_dispatch/middleware/templates/rescues/diagnostics.html.erb within rescues/layout
  Rendering /Users/Emrazian/.rvm/gems/ruby-2.4.0@woof/gems/actionpack-5.0.2/lib/action_dispatch/middleware/templates/rescues/_source.html.erb
  Rendered /Users/Emrazian/.rvm/gems/ruby-2.4.0@woof/gems/actionpack-5.0.2/lib/action_dispatch/middleware/templates/rescues/_source.html.erb (2.7ms)
  Rendering /Users/Emrazian/.rvm/gems/ruby-2.4.0@woof/gems/actionpack-5.0.2/lib/action_dispatch/middleware/templates/rescues/_trace.html.erb
  Rendered /Users/Emrazian/.rvm/gems/ruby-2.4.0@woof/gems/actionpack-5.0.2/lib/action_dispatch/middleware/templates/rescues/_trace.html.erb (1.5ms)
  Rendering /Users/Emrazian/.rvm/gems/ruby-2.4.0@woof/gems/actionpack-5.0.2/lib/action_dispatch/middleware/templates/rescues/_request_and_response.html.erb
  Rendered /Users/Emrazian/.rvm/gems/ruby-2.4.0@woof/gems/actionpack-5.0.2/lib/action_dispatch/middleware/templates/rescues/_request_and_response.html.erb (0.8ms)
  Rendered /Users/Emrazian/.rvm/gems/ruby-2.4.0@woof/gems/actionpack-5.0.2/lib/action_dispatch/middleware/templates/rescues/diagnostics.html.erb within rescues/layout (85.6ms)
Started GET "/" for ::1 at 2017-03-12 23:48:43 -0600
  
ActiveRecord::NoDatabaseError (Unknown database 'woof_development'):
  
activerecord (5.0.2) lib/active_record/connection_adapters/mysql2_adapter.rb:29:in `rescue in mysql2_connection'
activerecord (5.0.2) lib/active_record/connection_adapters/mysql2_adapter.rb:12:in `mysql2_connection'
activerecord (5.0.2) lib/active_record/connection_adapters/abstract/connection_pool.rb:729:in `new_connection'
activerecord (5.0.2) lib/active_record/connection_adapters/abstract/connection_pool.rb:773:in `checkout_new_connection'
activerecord (5.0.2) lib/active_record/connection_adapters/abstract/connection_pool.rb:752:in `try_to_checkout_new_connection'
activerecord (5.0.2) lib/active_record/connection_adapters/abstract/connection_pool.rb:713:in `acquire_connection'
activerecord (5.0.2) lib/active_record/connection_adapters/abstract/connection_pool.rb:490:in `checkout'
activerecord (5.0.2) lib/active_record/connection_adapters/abstract/connection_pool.rb:364:in `connection'
activerecord (5.0.2) lib/active_record/connection_adapters/abstract/connection_pool.rb:883:in `retrieve_connection'
activerecord (5.0.2) lib/active_record/connection_handling.rb:128:in `retrieve_connection'
activerecord (5.0.2) lib/active_record/connection_handling.rb:91:in `connection'
activerecord (5.0.2) lib/active_record/migration.rb:559:in `connection'
activerecord (5.0.2) lib/active_record/migration.rb:546:in `call'
actionpack (5.0.2) lib/action_dispatch/middleware/callbacks.rb:38:in `block in call'
activesupport (5.0.2) lib/active_support/callbacks.rb:97:in `__run_callbacks__'
activesupport (5.0.2) lib/active_support/callbacks.rb:750:in `_run_call_callbacks'
activesupport (5.0.2) lib/active_support/callbacks.rb:90:in `run_callbacks'
actionpack (5.0.2) lib/action_dispatch/middleware/callbacks.rb:36:in `call'
actionpack (5.0.2) lib/action_dispatch/middleware/executor.rb:12:in `call'
actionpack (5.0.2) lib/action_dispatch/middleware/remote_ip.rb:79:in `call'
actionpack (5.0.2) lib/action_dispatch/middleware/debug_exceptions.rb:49:in `call'
web-console (3.4.0) lib/web_console/middleware.rb:135:in `call_app'
web-console (3.4.0) lib/web_console/middleware.rb:28:in `block in call'
web-console (3.4.0) lib/web_console/middleware.rb:18:in `catch'
web-console (3.4.0) lib/web_console/middleware.rb:18:in `call'
actionpack (5.0.2) lib/action_dispatch/middleware/show_exceptions.rb:31:in `call'
railties (5.0.2) lib/rails/rack/logger.rb:36:in `call_app'
railties (5.0.2) lib/rails/rack/logger.rb:24:in `block in call'
activesupport (5.0.2) lib/active_support/tagged_logging.rb:69:in `block in tagged'
activesupport (5.0.2) lib/active_support/tagged_logging.rb:26:in `tagged'
activesupport (5.0.2) lib/active_support/tagged_logging.rb:69:in `tagged'
railties (5.0.2) lib/rails/rack/logger.rb:24:in `call'
sprockets-rails (3.2.0) lib/sprockets/rails/quiet_assets.rb:13:in `call'
actionpack (5.0.2) lib/action_dispatch/middleware/request_id.rb:24:in `call'
rack (2.0.1) lib/rack/method_override.rb:22:in `call'
rack (2.0.1) lib/rack/runtime.rb:22:in `call'
activesupport (5.0.2) lib/active_support/cache/strategy/local_cache_middleware.rb:28:in `call'
actionpack (5.0.2) lib/action_dispatch/middleware/executor.rb:12:in `call'
actionpack (5.0.2) lib/action_dispatch/middleware/static.rb:136:in `call'
rack (2.0.1) lib/rack/sendfile.rb:111:in `call'
railties (5.0.2) lib/rails/engine.rb:522:in `call'
puma (3.8.1) lib/puma/configuration.rb:224:in `call'
puma (3.8.1) lib/puma/server.rb:590:in `handle_request'
puma (3.8.1) lib/puma/server.rb:425:in `process_client'
puma (3.8.1) lib/puma/server.rb:289:in `block in run'
puma (3.8.1) lib/puma/thread_pool.rb:120:in `block in spawn_thread'
  Rendering /Users/Emrazian/.rvm/gems/ruby-2.4.0@woof/gems/actionpack-5.0.2/lib/action_dispatch/middleware/templates/rescues/diagnostics.html.erb within rescues/layout
  Rendering /Users/Emrazian/.rvm/gems/ruby-2.4.0@woof/gems/actionpack-5.0.2/lib/action_dispatch/middleware/templates/rescues/_source.html.erb
  Rendered /Users/Emrazian/.rvm/gems/ruby-2.4.0@woof/gems/actionpack-5.0.2/lib/action_dispatch/middleware/templates/rescues/_source.html.erb (3.9ms)
  Rendering /Users/Emrazian/.rvm/gems/ruby-2.4.0@woof/gems/actionpack-5.0.2/lib/action_dispatch/middleware/templates/rescues/_trace.html.erb
  Rendered /Users/Emrazian/.rvm/gems/ruby-2.4.0@woof/gems/actionpack-5.0.2/lib/action_dispatch/middleware/templates/rescues/_trace.html.erb (1.5ms)
  Rendering /Users/Emrazian/.rvm/gems/ruby-2.4.0@woof/gems/actionpack-5.0.2/lib/action_dispatch/middleware/templates/rescues/_request_and_response.html.erb
  Rendered /Users/Emrazian/.rvm/gems/ruby-2.4.0@woof/gems/actionpack-5.0.2/lib/action_dispatch/middleware/templates/rescues/_request_and_response.html.erb (1.4ms)
  Rendered /Users/Emrazian/.rvm/gems/ruby-2.4.0@woof/gems/actionpack-5.0.2/lib/action_dispatch/middleware/templates/rescues/diagnostics.html.erb within rescues/layout (84.7ms)
Started GET "/" for ::1 at 2017-03-12 23:52:32 -0600
Processing by Rails::WelcomeController#index as HTML
  Parameters: {"internal"=>true}
  Rendering /Users/Emrazian/.rvm/gems/ruby-2.4.0@woof/gems/railties-5.0.2/lib/rails/templates/rails/welcome/index.html.erb
  Rendered /Users/Emrazian/.rvm/gems/ruby-2.4.0@woof/gems/railties-5.0.2/lib/rails/templates/rails/welcome/index.html.erb (3.8ms)
Completed 200 OK in 29ms (Views: 10.3ms | ActiveRecord: 0.0ms)


Started GET "/" for ::1 at 2017-03-13 08:21:09 -0600
Processing by Rails::WelcomeController#index as HTML
  Parameters: {"internal"=>true}
  Rendering /Users/Emrazian/.rvm/gems/ruby-2.4.0@woof/gems/railties-5.0.2/lib/rails/templates/rails/welcome/index.html.erb
  Rendered /Users/Emrazian/.rvm/gems/ruby-2.4.0@woof/gems/railties-5.0.2/lib/rails/templates/rails/welcome/index.html.erb (4.5ms)
Completed 200 OK in 24ms (Views: 10.7ms | ActiveRecord: 0.0ms)


Started GET "/" for ::1 at 2017-03-13 19:32:24 -0600
Processing by Rails::WelcomeController#index as HTML
  Parameters: {"internal"=>true}
  Rendering /Users/Emrazian/.rvm/gems/ruby-2.4.0@woof/gems/railties-5.0.2/lib/rails/templates/rails/welcome/index.html.erb
  Rendered /Users/Emrazian/.rvm/gems/ruby-2.4.0@woof/gems/railties-5.0.2/lib/rails/templates/rails/welcome/index.html.erb (4.8ms)
Completed 200 OK in 27ms (Views: 11.9ms | ActiveRecord: 0.0ms)


Started GET "/" for ::1 at 2017-03-13 19:57:31 -0600
Processing by Rails::WelcomeController#index as HTML
  Parameters: {"internal"=>true}
  Rendering /Users/Emrazian/.rvm/gems/ruby-2.4.0@woof/gems/railties-5.0.2/lib/rails/templates/rails/welcome/index.html.erb
  Rendered /Users/Emrazian/.rvm/gems/ruby-2.4.0@woof/gems/railties-5.0.2/lib/rails/templates/rails/welcome/index.html.erb (3.0ms)
Completed 200 OK in 10ms (Views: 5.5ms | ActiveRecord: 0.0ms)


Started GET "/" for ::1 at 2017-03-13 19:59:41 -0600
  
ActionController::RoutingError (uninitialized constant HomeController):
  
activesupport (5.0.2) lib/active_support/inflector/methods.rb:268:in `const_get'
activesupport (5.0.2) lib/active_support/inflector/methods.rb:268:in `block in constantize'
activesupport (5.0.2) lib/active_support/inflector/methods.rb:266:in `each'
activesupport (5.0.2) lib/active_support/inflector/methods.rb:266:in `inject'
activesupport (5.0.2) lib/active_support/inflector/methods.rb:266:in `constantize'
actionpack (5.0.2) lib/action_dispatch/http/request.rb:81:in `controller_class'
actionpack (5.0.2) lib/action_dispatch/routing/route_set.rb:44:in `controller'
actionpack (5.0.2) lib/action_dispatch/routing/route_set.rb:30:in `serve'
actionpack (5.0.2) lib/action_dispatch/journey/router.rb:39:in `block in serve'
actionpack (5.0.2) lib/action_dispatch/journey/router.rb:26:in `each'
actionpack (5.0.2) lib/action_dispatch/journey/router.rb:26:in `serve'
actionpack (5.0.2) lib/action_dispatch/routing/route_set.rb:725:in `call'
rack (2.0.1) lib/rack/etag.rb:25:in `call'
rack (2.0.1) lib/rack/conditional_get.rb:25:in `call'
rack (2.0.1) lib/rack/head.rb:12:in `call'
rack (2.0.1) lib/rack/session/abstract/id.rb:222:in `context'
rack (2.0.1) lib/rack/session/abstract/id.rb:216:in `call'
actionpack (5.0.2) lib/action_dispatch/middleware/cookies.rb:613:in `call'
activerecord (5.0.2) lib/active_record/migration.rb:553:in `call'
actionpack (5.0.2) lib/action_dispatch/middleware/callbacks.rb:38:in `block in call'
activesupport (5.0.2) lib/active_support/callbacks.rb:97:in `__run_callbacks__'
activesupport (5.0.2) lib/active_support/callbacks.rb:750:in `_run_call_callbacks'
activesupport (5.0.2) lib/active_support/callbacks.rb:90:in `run_callbacks'
actionpack (5.0.2) lib/action_dispatch/middleware/callbacks.rb:36:in `call'
actionpack (5.0.2) lib/action_dispatch/middleware/executor.rb:12:in `call'
actionpack (5.0.2) lib/action_dispatch/middleware/remote_ip.rb:79:in `call'
actionpack (5.0.2) lib/action_dispatch/middleware/debug_exceptions.rb:49:in `call'
web-console (3.4.0) lib/web_console/middleware.rb:135:in `call_app'
web-console (3.4.0) lib/web_console/middleware.rb:28:in `block in call'
web-console (3.4.0) lib/web_console/middleware.rb:18:in `catch'
web-console (3.4.0) lib/web_console/middleware.rb:18:in `call'
actionpack (5.0.2) lib/action_dispatch/middleware/show_exceptions.rb:31:in `call'
railties (5.0.2) lib/rails/rack/logger.rb:36:in `call_app'
railties (5.0.2) lib/rails/rack/logger.rb:24:in `block in call'
activesupport (5.0.2) lib/active_support/tagged_logging.rb:69:in `block in tagged'
activesupport (5.0.2) lib/active_support/tagged_logging.rb:26:in `tagged'
activesupport (5.0.2) lib/active_support/tagged_logging.rb:69:in `tagged'
railties (5.0.2) lib/rails/rack/logger.rb:24:in `call'
sprockets-rails (3.2.0) lib/sprockets/rails/quiet_assets.rb:13:in `call'
actionpack (5.0.2) lib/action_dispatch/middleware/request_id.rb:24:in `call'
rack (2.0.1) lib/rack/method_override.rb:22:in `call'
rack (2.0.1) lib/rack/runtime.rb:22:in `call'
activesupport (5.0.2) lib/active_support/cache/strategy/local_cache_middleware.rb:28:in `call'
actionpack (5.0.2) lib/action_dispatch/middleware/executor.rb:12:in `call'
actionpack (5.0.2) lib/action_dispatch/middleware/static.rb:136:in `call'
rack (2.0.1) lib/rack/sendfile.rb:111:in `call'
railties (5.0.2) lib/rails/engine.rb:522:in `call'
puma (3.8.1) lib/puma/configuration.rb:224:in `call'
puma (3.8.1) lib/puma/server.rb:590:in `handle_request'
puma (3.8.1) lib/puma/server.rb:425:in `process_client'
puma (3.8.1) lib/puma/server.rb:289:in `block in run'
puma (3.8.1) lib/puma/thread_pool.rb:120:in `block in spawn_thread'
  Rendering /Users/Emrazian/.rvm/gems/ruby-2.4.0@woof/gems/actionpack-5.0.2/lib/action_dispatch/middleware/templates/rescues/routing_error.html.erb within rescues/layout
  Rendering /Users/Emrazian/.rvm/gems/ruby-2.4.0@woof/gems/actionpack-5.0.2/lib/action_dispatch/middleware/templates/rescues/_trace.html.erb
  Rendered /Users/Emrazian/.rvm/gems/ruby-2.4.0@woof/gems/actionpack-5.0.2/lib/action_dispatch/middleware/templates/rescues/_trace.html.erb (3.7ms)
  Rendered collection of /Users/Emrazian/.rvm/gems/ruby-2.4.0@woof/gems/actionpack-5.0.2/lib/action_dispatch/middleware/templates/routes/_route.html.erb [1 times] (12.5ms)
  Rendered /Users/Emrazian/.rvm/gems/ruby-2.4.0@woof/gems/actionpack-5.0.2/lib/action_dispatch/middleware/templates/routes/_table.html.erb (9.6ms)
  Rendering /Users/Emrazian/.rvm/gems/ruby-2.4.0@woof/gems/actionpack-5.0.2/lib/action_dispatch/middleware/templates/rescues/_request_and_response.html.erb
  Rendered /Users/Emrazian/.rvm/gems/ruby-2.4.0@woof/gems/actionpack-5.0.2/lib/action_dispatch/middleware/templates/rescues/_request_and_response.html.erb (10.0ms)
  Rendered /Users/Emrazian/.rvm/gems/ruby-2.4.0@woof/gems/actionpack-5.0.2/lib/action_dispatch/middleware/templates/rescues/routing_error.html.erb within rescues/layout (130.7ms)
Started GET "/" for ::1 at 2017-03-13 20:36:30 -0600
  
ActiveRecord::PendingMigrationError (

Migrations are pending. To resolve this issue, run:

        bin/rails db:migrate RAILS_ENV=development

):
  
activerecord (5.0.2) lib/active_record/migration.rb:573:in `check_pending!'
activerecord (5.0.2) lib/active_record/migration.rb:549:in `call'
actionpack (5.0.2) lib/action_dispatch/middleware/callbacks.rb:38:in `block in call'
activesupport (5.0.2) lib/active_support/callbacks.rb:97:in `__run_callbacks__'
activesupport (5.0.2) lib/active_support/callbacks.rb:750:in `_run_call_callbacks'
activesupport (5.0.2) lib/active_support/callbacks.rb:90:in `run_callbacks'
actionpack (5.0.2) lib/action_dispatch/middleware/callbacks.rb:36:in `call'
actionpack (5.0.2) lib/action_dispatch/middleware/executor.rb:12:in `call'
actionpack (5.0.2) lib/action_dispatch/middleware/remote_ip.rb:79:in `call'
actionpack (5.0.2) lib/action_dispatch/middleware/debug_exceptions.rb:49:in `call'
web-console (3.4.0) lib/web_console/middleware.rb:135:in `call_app'
web-console (3.4.0) lib/web_console/middleware.rb:28:in `block in call'
web-console (3.4.0) lib/web_console/middleware.rb:18:in `catch'
web-console (3.4.0) lib/web_console/middleware.rb:18:in `call'
actionpack (5.0.2) lib/action_dispatch/middleware/show_exceptions.rb:31:in `call'
railties (5.0.2) lib/rails/rack/logger.rb:36:in `call_app'
railties (5.0.2) lib/rails/rack/logger.rb:24:in `block in call'
activesupport (5.0.2) lib/active_support/tagged_logging.rb:69:in `block in tagged'
activesupport (5.0.2) lib/active_support/tagged_logging.rb:26:in `tagged'
activesupport (5.0.2) lib/active_support/tagged_logging.rb:69:in `tagged'
railties (5.0.2) lib/rails/rack/logger.rb:24:in `call'
sprockets-rails (3.2.0) lib/sprockets/rails/quiet_assets.rb:13:in `call'
actionpack (5.0.2) lib/action_dispatch/middleware/request_id.rb:24:in `call'
rack (2.0.1) lib/rack/method_override.rb:22:in `call'
rack (2.0.1) lib/rack/runtime.rb:22:in `call'
activesupport (5.0.2) lib/active_support/cache/strategy/local_cache_middleware.rb:28:in `call'
actionpack (5.0.2) lib/action_dispatch/middleware/executor.rb:12:in `call'
actionpack (5.0.2) lib/action_dispatch/middleware/static.rb:136:in `call'
rack (2.0.1) lib/rack/sendfile.rb:111:in `call'
railties (5.0.2) lib/rails/engine.rb:522:in `call'
puma (3.8.1) lib/puma/configuration.rb:224:in `call'
puma (3.8.1) lib/puma/server.rb:590:in `handle_request'
puma (3.8.1) lib/puma/server.rb:425:in `process_client'
puma (3.8.1) lib/puma/server.rb:289:in `block in run'
puma (3.8.1) lib/puma/thread_pool.rb:120:in `block in spawn_thread'
  Rendering /Users/Emrazian/.rvm/gems/ruby-2.4.0@woof/gems/actionpack-5.0.2/lib/action_dispatch/middleware/templates/rescues/diagnostics.html.erb within rescues/layout
  Rendering /Users/Emrazian/.rvm/gems/ruby-2.4.0@woof/gems/actionpack-5.0.2/lib/action_dispatch/middleware/templates/rescues/_source.html.erb
  Rendered /Users/Emrazian/.rvm/gems/ruby-2.4.0@woof/gems/actionpack-5.0.2/lib/action_dispatch/middleware/templates/rescues/_source.html.erb (2.2ms)
  Rendering /Users/Emrazian/.rvm/gems/ruby-2.4.0@woof/gems/actionpack-5.0.2/lib/action_dispatch/middleware/templates/rescues/_trace.html.erb
  Rendered /Users/Emrazian/.rvm/gems/ruby-2.4.0@woof/gems/actionpack-5.0.2/lib/action_dispatch/middleware/templates/rescues/_trace.html.erb (1.3ms)
  Rendering /Users/Emrazian/.rvm/gems/ruby-2.4.0@woof/gems/actionpack-5.0.2/lib/action_dispatch/middleware/templates/rescues/_request_and_response.html.erb
  Rendered /Users/Emrazian/.rvm/gems/ruby-2.4.0@woof/gems/actionpack-5.0.2/lib/action_dispatch/middleware/templates/rescues/_request_and_response.html.erb (0.9ms)
  Rendered /Users/Emrazian/.rvm/gems/ruby-2.4.0@woof/gems/actionpack-5.0.2/lib/action_dispatch/middleware/templates/rescues/diagnostics.html.erb within rescues/layout (84.8ms)
  [1m[35m (60.0ms)[0m  [1m[35mCREATE TABLE `schema_migrations` (`version` varchar(255) PRIMARY KEY) ENGINE=InnoDB[0m
  [1m[35m (10.2ms)[0m  [1m[35mCREATE TABLE `ar_internal_metadata` (`key` varchar(255) PRIMARY KEY, `value` varchar(255), `created_at` datetime NOT NULL, `updated_at` datetime NOT NULL) ENGINE=InnoDB[0m
  [1m[35m (0.6ms)[0m  [1m[34mSELECT DATABASE() as db[0m
  [1m[35m (1.3ms)[0m  [1m[34mSELECT GET_LOCK('2530552574461312800', 0);[0m
  [1m[36mActiveRecord::SchemaMigration Load (12.2ms)[0m  [1m[34mSELECT `schema_migrations`.* FROM `schema_migrations`[0m
Migrating to CreateUsers (20170314022032)
  [1m[35m (9.4ms)[0m  [1m[35mCREATE TABLE `users` (`id` int AUTO_INCREMENT PRIMARY KEY, `first_name` varchar(255), `last_name` varchar(255), `email` varchar(255), `password_digest` varchar(255), `created_at` datetime NOT NULL, `updated_at` datetime NOT NULL) ENGINE=InnoDB[0m
  [1m[35m (13.9ms)[0m  [1m[35mCREATE UNIQUE INDEX `index_users_on_email`  ON `users` (`email`) [0m
  [1m[35m (0.4ms)[0m  [1m[35mBEGIN[0m
  [1m[35mSQL (1.7ms)[0m  [1m[32mINSERT INTO `schema_migrations` (`version`) VALUES ('20170314022032')[0m
  [1m[35m (0.4ms)[0m  [1m[35mCOMMIT[0m
Migrating to CreateGroups (20170314023437)
  [1m[35m (0.6ms)[0m  [1m[34mSELECT RELEASE_LOCK('2530552574461312800')[0m
  [1m[35m (0.2ms)[0m  [1m[34mSELECT DATABASE() as db[0m
  [1m[35m (0.2ms)[0m  [1m[34mSELECT GET_LOCK('2530552574461312800', 0);[0m
  [1m[36mActiveRecord::SchemaMigration Load (2.0ms)[0m  [1m[34mSELECT `schema_migrations`.* FROM `schema_migrations`[0m
Migrating to CreateGroups (20170314024258)
  [1m[35m (10.0ms)[0m  [1m[35mCREATE TABLE `groups` (`id` int AUTO_INCREMENT PRIMARY KEY, `name` varchar(255), `owner_id` int NOT NULL, `created_at` datetime NOT NULL, `updated_at` datetime NOT NULL) ENGINE=InnoDB[0m
  [1m[35m (0.2ms)[0m  [1m[35mBEGIN[0m
  [1m[35mSQL (0.3ms)[0m  [1m[32mINSERT INTO `schema_migrations` (`version`) VALUES ('20170314024258')[0m
  [1m[35m (0.3ms)[0m  [1m[35mCOMMIT[0m
Migrating to CreatePets (20170314024434)
  [1m[35m (15.1ms)[0m  [1m[35mCREATE TABLE `pets` (`id` int AUTO_INCREMENT PRIMARY KEY, `name` varchar(255), `group_id` int, `created_at` datetime NOT NULL, `updated_at` datetime NOT NULL,  INDEX `index_pets_on_group_id`  (`group_id`), CONSTRAINT `fk_rails_4eb9a35bfa`
FOREIGN KEY (`group_id`)
  REFERENCES `groups` (`id`)
) ENGINE=InnoDB[0m
  [1m[35m (0.1ms)[0m  [1m[35mBEGIN[0m
  [1m[35mSQL (0.2ms)[0m  [1m[32mINSERT INTO `schema_migrations` (`version`) VALUES ('20170314024434')[0m
  [1m[35m (0.3ms)[0m  [1m[35mCOMMIT[0m
  [1m[36mActiveRecord::InternalMetadata Load (1.0ms)[0m  [1m[34mSELECT  `ar_internal_metadata`.* FROM `ar_internal_metadata` WHERE `ar_internal_metadata`.`key` = 'environment' LIMIT 1[0m
  [1m[35m (0.2ms)[0m  [1m[35mBEGIN[0m
  [1m[35mSQL (1.6ms)[0m  [1m[32mINSERT INTO `ar_internal_metadata` (`key`, `value`, `created_at`, `updated_at`) VALUES ('environment', 'development', '2017-03-14 02:56:32', '2017-03-14 02:56:32')[0m
  [1m[35m (0.6ms)[0m  [1m[35mCOMMIT[0m
  [1m[35m (0.2ms)[0m  [1m[34mSELECT RELEASE_LOCK('2530552574461312800')[0m
  [1m[36mActiveRecord::SchemaMigration Load (0.3ms)[0m  [1m[34mSELECT `schema_migrations`.* FROM `schema_migrations`[0m
  [1m[35m (1.3ms)[0m  [1m[35mSHOW CREATE TABLE `groups`[0m
  [1m[35m (1.2ms)[0m  [1m[35mSHOW TABLE STATUS LIKE 'groups'[0m
  [1m[35m (0.2ms)[0m  [1m[35mSHOW CREATE TABLE `pets`[0m
  [1m[35m (0.3ms)[0m  [1m[35mSHOW TABLE STATUS LIKE 'pets'[0m
  [1m[35m (0.2ms)[0m  [1m[35mSHOW CREATE TABLE `users`[0m
  [1m[35m (0.4ms)[0m  [1m[35mSHOW TABLE STATUS LIKE 'users'[0m
Started GET "/" for ::1 at 2017-03-13 20:58:00 -0600
  [1m[36mActiveRecord::SchemaMigration Load (0.5ms)[0m  [1m[34mSELECT `schema_migrations`.* FROM `schema_migrations`[0m
Processing by Rails::WelcomeController#index as HTML
  Parameters: {"internal"=>true}
  Rendering /Users/Emrazian/.rvm/gems/ruby-2.4.0@woof/gems/railties-5.0.2/lib/rails/templates/rails/welcome/index.html.erb
  Rendered /Users/Emrazian/.rvm/gems/ruby-2.4.0@woof/gems/railties-5.0.2/lib/rails/templates/rails/welcome/index.html.erb (5.7ms)
Completed 200 OK in 29ms (Views: 14.8ms | ActiveRecord: 0.0ms)


Started GET "/" for ::1 at 2017-03-13 21:04:48 -0600
  [1m[36mActiveRecord::SchemaMigration Load (0.5ms)[0m  [1m[34mSELECT `schema_migrations`.* FROM `schema_migrations`[0m
Processing by HomeController#index as HTML
  Rendering home/index.html.erb within layouts/application
  Rendered home/index.html.erb within layouts/application (1.7ms)
Completed 200 OK in 6425ms (Views: 6412.1ms | ActiveRecord: 0.0ms)


Started GET "/" for ::1 at 2017-03-13 21:12:10 -0600
Processing by HomeController#index as HTML
  Rendering home/index.html.erb within layouts/application
  Rendered home/index.html.erb within layouts/application (2.3ms)
Completed 200 OK in 244ms (Views: 234.1ms | ActiveRecord: 0.0ms)


Started GET "/" for ::1 at 2017-03-13 21:18:51 -0600
Processing by HomeController#index as HTML
  Rendering home/index.html.erb within layouts/application
  Rendered home/index.html.erb within layouts/application (0.5ms)
Completed 200 OK in 105ms (Views: 103.1ms | ActiveRecord: 0.0ms)


Started GET "/" for ::1 at 2017-03-13 21:18:58 -0600
Processing by HomeController#index as HTML
  Rendering home/index.html.erb within layouts/application
  Rendered home/index.html.erb within layouts/application (0.6ms)
Completed 200 OK in 74ms (Views: 71.3ms | ActiveRecord: 0.0ms)


Started GET "/" for ::1 at 2017-03-13 21:19:10 -0600
  [1m[36mActiveRecord::SchemaMigration Load (1.0ms)[0m  [1m[34mSELECT `schema_migrations`.* FROM `schema_migrations`[0m
Processing by HomeController#index as HTML
  Rendering home/index.html.erb within layouts/application
  Rendered home/index.html.erb within layouts/application (1.5ms)
Completed 200 OK in 428ms (Views: 414.1ms | ActiveRecord: 0.0ms)


Started GET "/" for ::1 at 2017-03-13 21:21:01 -0600
  [1m[36mActiveRecord::SchemaMigration Load (0.4ms)[0m  [1m[34mSELECT `schema_migrations`.* FROM `schema_migrations`[0m
Processing by HomeController#index as HTML
  Rendering home/index.html.erb within layouts/application
  Rendered home/index.html.erb within layouts/application (4.3ms)
Completed 200 OK in 467ms (Views: 452.1ms | ActiveRecord: 0.0ms)


Started GET "/stylesheets/slate.css" for ::1 at 2017-03-13 21:21:02 -0600
Started GET "/javascripts/slate.js" for ::1 at 2017-03-13 21:21:02 -0600
  
  
ActionController::RoutingError (No route matches [GET] "/stylesheets/slate.css"):
ActionController::RoutingError (No route matches [GET] "/javascripts/slate.js"):
  
  
actionpack (5.0.2) lib/action_dispatch/middleware/debug_exceptions.rb:53:in `call'
web-console (3.4.0) lib/web_console/middleware.rb:135:in `call_app'
web-console (3.4.0) lib/web_console/middleware.rb:28:in `block in call'
web-console (3.4.0) lib/web_console/middleware.rb:18:in `catch'
web-console (3.4.0) lib/web_console/middleware.rb:18:in `call'
actionpack (5.0.2) lib/action_dispatch/middleware/show_exceptions.rb:31:in `call'
railties (5.0.2) lib/rails/rack/logger.rb:36:in `call_app'
railties (5.0.2) lib/rails/rack/logger.rb:24:in `block in call'
activesupport (5.0.2) lib/active_support/tagged_logging.rb:69:in `block in tagged'
activesupport (5.0.2) lib/active_support/tagged_logging.rb:26:in `tagged'
activesupport (5.0.2) lib/active_support/tagged_logging.rb:69:in `tagged'
railties (5.0.2) lib/rails/rack/logger.rb:24:in `call'
sprockets-rails (3.2.0) lib/sprockets/rails/quiet_assets.rb:13:in `call'
actionpack (5.0.2) lib/action_dispatch/middleware/request_id.rb:24:in `call'
rack (2.0.1) lib/rack/method_override.rb:22:in `call'
rack (2.0.1) lib/rack/runtime.rb:22:in `call'
activesupport (5.0.2) lib/active_support/cache/strategy/local_cache_middleware.rb:28:in `call'
actionpack (5.0.2) lib/action_dispatch/middleware/executor.rb:12:in `call'
actionpack (5.0.2) lib/action_dispatch/middleware/static.rb:136:in `call'
rack (2.0.1) lib/rack/sendfile.rb:111:in `call'
railties (5.0.2) lib/rails/engine.rb:522:in `call'
puma (3.8.1) lib/puma/configuration.rb:224:in `call'
puma (3.8.1) lib/puma/server.rb:590:in `handle_request'
puma (3.8.1) lib/puma/server.rb:425:in `process_client'
puma (3.8.1) lib/puma/server.rb:289:in `block in run'
puma (3.8.1) lib/puma/thread_pool.rb:120:in `block in spawn_thread'
actionpack (5.0.2) lib/action_dispatch/middleware/debug_exceptions.rb:53:in `call'
web-console (3.4.0) lib/web_console/middleware.rb:135:in `call_app'
web-console (3.4.0) lib/web_console/middleware.rb:28:in `block in call'
web-console (3.4.0) lib/web_console/middleware.rb:18:in `catch'
web-console (3.4.0) lib/web_console/middleware.rb:18:in `call'
actionpack (5.0.2) lib/action_dispatch/middleware/show_exceptions.rb:31:in `call'
railties (5.0.2) lib/rails/rack/logger.rb:36:in `call_app'
railties (5.0.2) lib/rails/rack/logger.rb:24:in `block in call'
activesupport (5.0.2) lib/active_support/tagged_logging.rb:69:in `block in tagged'
activesupport (5.0.2) lib/active_support/tagged_logging.rb:26:in `tagged'
activesupport (5.0.2) lib/active_support/tagged_logging.rb:69:in `tagged'
railties (5.0.2) lib/rails/rack/logger.rb:24:in `call'
sprockets-rails (3.2.0) lib/sprockets/rails/quiet_assets.rb:13:in `call'
actionpack (5.0.2) lib/action_dispatch/middleware/request_id.rb:24:in `call'
rack (2.0.1) lib/rack/method_override.rb:22:in `call'
rack (2.0.1) lib/rack/runtime.rb:22:in `call'
activesupport (5.0.2) lib/active_support/cache/strategy/local_cache_middleware.rb:28:in `call'
actionpack (5.0.2) lib/action_dispatch/middleware/executor.rb:12:in `call'
actionpack (5.0.2) lib/action_dispatch/middleware/static.rb:136:in `call'
rack (2.0.1) lib/rack/sendfile.rb:111:in `call'
railties (5.0.2) lib/rails/engine.rb:522:in `call'
puma (3.8.1) lib/puma/configuration.rb:224:in `call'
puma (3.8.1) lib/puma/server.rb:590:in `handle_request'
puma (3.8.1) lib/puma/server.rb:425:in `process_client'
puma (3.8.1) lib/puma/server.rb:289:in `block in run'
puma (3.8.1) lib/puma/thread_pool.rb:120:in `block in spawn_thread'
  Rendering /Users/Emrazian/.rvm/gems/ruby-2.4.0@woof/gems/actionpack-5.0.2/lib/action_dispatch/middleware/templates/rescues/routing_error.html.erb within rescues/layout
  Rendering /Users/Emrazian/.rvm/gems/ruby-2.4.0@woof/gems/actionpack-5.0.2/lib/action_dispatch/middleware/templates/rescues/_trace.html.erb
  Rendering /Users/Emrazian/.rvm/gems/ruby-2.4.0@woof/gems/actionpack-5.0.2/lib/action_dispatch/middleware/templates/rescues/routing_error.html.erb within rescues/layout
  Rendered /Users/Emrazian/.rvm/gems/ruby-2.4.0@woof/gems/actionpack-5.0.2/lib/action_dispatch/middleware/templates/rescues/_trace.html.erb (1.1ms)
  Rendering /Users/Emrazian/.rvm/gems/ruby-2.4.0@woof/gems/actionpack-5.0.2/lib/action_dispatch/middleware/templates/rescues/_trace.html.erb
  Rendered /Users/Emrazian/.rvm/gems/ruby-2.4.0@woof/gems/actionpack-5.0.2/lib/action_dispatch/middleware/templates/rescues/_trace.html.erb (2.1ms)
  Rendered collection of /Users/Emrazian/.rvm/gems/ruby-2.4.0@woof/gems/actionpack-5.0.2/lib/action_dispatch/middleware/templates/routes/_route.html.erb [25 times] (11.5ms)
  Rendered collection of /Users/Emrazian/.rvm/gems/ruby-2.4.0@woof/gems/actionpack-5.0.2/lib/action_dispatch/middleware/templates/routes/_route.html.erb [25 times] (31.3ms)
  Rendered /Users/Emrazian/.rvm/gems/ruby-2.4.0@woof/gems/actionpack-5.0.2/lib/action_dispatch/middleware/templates/routes/_table.html.erb (10.2ms)
  Rendered /Users/Emrazian/.rvm/gems/ruby-2.4.0@woof/gems/actionpack-5.0.2/lib/action_dispatch/middleware/templates/routes/_table.html.erb (7.8ms)
  Rendering /Users/Emrazian/.rvm/gems/ruby-2.4.0@woof/gems/actionpack-5.0.2/lib/action_dispatch/middleware/templates/rescues/_request_and_response.html.erb
  Rendered /Users/Emrazian/.rvm/gems/ruby-2.4.0@woof/gems/actionpack-5.0.2/lib/action_dispatch/middleware/templates/rescues/_request_and_response.html.erb (1.2ms)
  Rendering /Users/Emrazian/.rvm/gems/ruby-2.4.0@woof/gems/actionpack-5.0.2/lib/action_dispatch/middleware/templates/rescues/_request_and_response.html.erb
  Rendered /Users/Emrazian/.rvm/gems/ruby-2.4.0@woof/gems/actionpack-5.0.2/lib/action_dispatch/middleware/templates/rescues/routing_error.html.erb within rescues/layout (347.0ms)
  Rendered /Users/Emrazian/.rvm/gems/ruby-2.4.0@woof/gems/actionpack-5.0.2/lib/action_dispatch/middleware/templates/rescues/_request_and_response.html.erb (1.9ms)
  Rendered /Users/Emrazian/.rvm/gems/ruby-2.4.0@woof/gems/actionpack-5.0.2/lib/action_dispatch/middleware/templates/rescues/routing_error.html.erb within rescues/layout (271.6ms)
Started GET "/" for ::1 at 2017-03-13 21:23:22 -0600
Processing by HomeController#index as HTML
  Rendering home/index.html.erb within layouts/application
  Rendered home/index.html.erb within layouts/application (0.4ms)
Completed 200 OK in 80ms (Views: 78.7ms | ActiveRecord: 0.0ms)


Started GET "/" for ::1 at 2017-03-13 21:23:26 -0600
Processing by HomeController#index as HTML
  Rendering home/index.html.erb within layouts/application
  Rendered home/index.html.erb within layouts/application (0.4ms)
Completed 200 OK in 55ms (Views: 53.6ms | ActiveRecord: 0.0ms)


Started GET "/" for ::1 at 2017-03-13 21:23:28 -0600
Processing by HomeController#index as HTML
  Rendering home/index.html.erb within layouts/application
  Rendered home/index.html.erb within layouts/application (0.5ms)
Completed 200 OK in 76ms (Views: 73.4ms | ActiveRecord: 0.0ms)


Started GET "/" for ::1 at 2017-03-13 21:23:31 -0600
Processing by HomeController#index as HTML
  Rendering home/index.html.erb within layouts/application
  Rendered home/index.html.erb within layouts/application (0.3ms)
Completed 200 OK in 61ms (Views: 59.4ms | ActiveRecord: 0.0ms)


Started GET "/" for ::1 at 2017-03-13 21:23:36 -0600
Processing by HomeController#index as HTML
  Rendering home/index.html.erb within layouts/application
  Rendered home/index.html.erb within layouts/application (0.9ms)
Completed 200 OK in 85ms (Views: 82.7ms | ActiveRecord: 0.0ms)


Started GET "/" for ::1 at 2017-03-13 21:23:43 -0600
Processing by HomeController#index as HTML
  Rendering home/index.html.erb within layouts/application
  Rendered home/index.html.erb within layouts/application (0.8ms)
Completed 200 OK in 74ms (Views: 72.1ms | ActiveRecord: 0.0ms)


Started GET "/users" for ::1 at 2017-03-13 21:23:51 -0600
Processing by UsersController#index as HTML
Completed 500 Internal Server Error in 30ms (ActiveRecord: 0.0ms)


  
LoadError (cannot load such file -- bcrypt):
  
app/models/user.rb:2:in `<class:User>'
app/models/user.rb:1:in `<top (required)>'
app/controllers/users_controller.rb:7:in `index'
  Rendering /Users/Emrazian/.rvm/gems/ruby-2.4.0@woof/gems/actionpack-5.0.2/lib/action_dispatch/middleware/templates/rescues/diagnostics.html.erb within rescues/layout
  Rendering /Users/Emrazian/.rvm/gems/ruby-2.4.0@woof/gems/actionpack-5.0.2/lib/action_dispatch/middleware/templates/rescues/_source.html.erb
  Rendered /Users/Emrazian/.rvm/gems/ruby-2.4.0@woof/gems/actionpack-5.0.2/lib/action_dispatch/middleware/templates/rescues/_source.html.erb (5.3ms)
  Rendering /Users/Emrazian/.rvm/gems/ruby-2.4.0@woof/gems/actionpack-5.0.2/lib/action_dispatch/middleware/templates/rescues/_trace.html.erb
  Rendered /Users/Emrazian/.rvm/gems/ruby-2.4.0@woof/gems/actionpack-5.0.2/lib/action_dispatch/middleware/templates/rescues/_trace.html.erb (1.8ms)
  Rendering /Users/Emrazian/.rvm/gems/ruby-2.4.0@woof/gems/actionpack-5.0.2/lib/action_dispatch/middleware/templates/rescues/_request_and_response.html.erb
  Rendered /Users/Emrazian/.rvm/gems/ruby-2.4.0@woof/gems/actionpack-5.0.2/lib/action_dispatch/middleware/templates/rescues/_request_and_response.html.erb (0.9ms)
  Rendered /Users/Emrazian/.rvm/gems/ruby-2.4.0@woof/gems/actionpack-5.0.2/lib/action_dispatch/middleware/templates/rescues/diagnostics.html.erb within rescues/layout (72.9ms)
Started GET "/pets" for ::1 at 2017-03-13 21:23:59 -0600
Processing by PetsController#index as HTML
  Rendering pets/index.html.erb within layouts/application
  [1m[36mPet Load (1.2ms)[0m  [1m[34mSELECT `pets`.* FROM `pets`[0m
  Rendered pets/index.html.erb within layouts/application (5.0ms)
Completed 200 OK in 75ms (Views: 62.9ms | ActiveRecord: 1.8ms)


Started GET "/pets/new" for ::1 at 2017-03-13 21:24:03 -0600
Processing by PetsController#new as HTML
  Rendering pets/new.html.erb within layouts/application
  Rendered pets/_form.html.erb (16.0ms)
  Rendered pets/new.html.erb within layouts/application (18.5ms)
Completed 200 OK in 91ms (Views: 79.9ms | ActiveRecord: 0.9ms)


Started GET "/pets/new" for ::1 at 2017-03-13 21:27:27 -0600
Processing by PetsController#new as HTML
  Rendering pets/new.html.erb within layouts/application
  Rendered pets/_form.html.erb (2.9ms)
  Rendered pets/new.html.erb within layouts/application (6.2ms)
Completed 200 OK in 84ms (Views: 81.3ms | ActiveRecord: 0.0ms)


Started GET "/pets/new" for ::1 at 2017-03-13 21:30:43 -0600
  [1m[36mActiveRecord::SchemaMigration Load (0.8ms)[0m  [1m[34mSELECT `schema_migrations`.* FROM `schema_migrations`[0m
Processing by PetsController#new as HTML
  Rendering pets/new.html.erb within layouts/application
  Rendered pets/_form.html.erb (22.8ms)
  Rendered pets/new.html.erb within layouts/application (26.7ms)
Completed 200 OK in 417ms (Views: 387.3ms | ActiveRecord: 1.3ms)


Started GET "/pets/new" for ::1 at 2017-03-13 21:39:52 -0600
  [1m[36mActiveRecord::SchemaMigration Load (0.4ms)[0m  [1m[34mSELECT `schema_migrations`.* FROM `schema_migrations`[0m
Processing by PetsController#new as HTML
  Rendering pets/new.html.erb within layouts/application
  Rendered pets/_form.html.erb (39.4ms)
  Rendered pets/new.html.erb within layouts/application (48.9ms)
Completed 200 OK in 3484ms (Views: 3443.0ms | ActiveRecord: 3.5ms)


Started GET "/pets/new" for ::1 at 2017-03-13 21:40:04 -0600
Processing by PetsController#new as HTML
  Rendering pets/new.html.erb within layouts/application
  Rendered pets/_form.html.erb (2.8ms)
  Rendered pets/new.html.erb within layouts/application (6.7ms)
Completed 200 OK in 62ms (Views: 59.9ms | ActiveRecord: 0.0ms)


Started GET "/pets/new" for ::1 at 2017-03-13 21:40:11 -0600
Processing by PetsController#new as HTML
  Rendering pets/new.html.erb within layouts/application
  Rendered pets/_form.html.erb (2.7ms)
  Rendered pets/new.html.erb within layouts/application (4.5ms)
Completed 200 OK in 69ms (Views: 67.7ms | ActiveRecord: 0.0ms)


Started GET "/pets/new" for ::1 at 2017-03-13 21:42:01 -0600
Processing by PetsController#new as HTML
  Rendering pets/new.html.erb within layouts/application
  Rendered pets/_form.html.erb (3.0ms)
  Rendered pets/new.html.erb within layouts/application (5.4ms)
Completed 200 OK in 74ms (Views: 71.9ms | ActiveRecord: 0.0ms)


Started GET "/" for ::1 at 2017-03-13 21:42:07 -0600
Processing by HomeController#index as HTML
  Rendering home/index.html.erb within layouts/application
  Rendered home/index.html.erb within layouts/application (0.3ms)
Completed 200 OK in 54ms (Views: 51.8ms | ActiveRecord: 0.0ms)


Started GET "/" for ::1 at 2017-03-13 21:51:02 -0600
  [1m[36mActiveRecord::SchemaMigration Load (1.2ms)[0m  [1m[34mSELECT `schema_migrations`.* FROM `schema_migrations`[0m
Processing by HomeController#index as HTML
  Rendering home/index.html.erb within layouts/application
  Rendered home/index.html.erb within layouts/application (1.4ms)
Completed 200 OK in 429ms (Views: 416.3ms | ActiveRecord: 0.0ms)


Started GET "/" for ::1 at 2017-03-13 21:52:17 -0600
Processing by HomeController#index as HTML
  Rendering home/index.html.erb within layouts/application
  Rendered home/index.html.erb within layouts/application (0.5ms)
Completed 200 OK in 65ms (Views: 63.1ms | ActiveRecord: 0.0ms)


Started GET "/" for ::1 at 2017-03-13 21:58:20 -0600
Processing by HomeController#index as HTML
  Rendering home/index.html.erb within layouts/application
  Rendered home/index.html.erb within layouts/application (0.5ms)
Completed 200 OK in 2890ms (Views: 2888.4ms | ActiveRecord: 0.0ms)


Started GET "/" for ::1 at 2017-03-13 21:58:54 -0600
Processing by HomeController#index as HTML
  Rendering home/index.html.erb within layouts/application
  Rendered home/index.html.erb within layouts/application (0.5ms)
Completed 200 OK in 73ms (Views: 71.5ms | ActiveRecord: 0.0ms)


Started GET "/" for ::1 at 2017-03-13 21:58:57 -0600
Processing by HomeController#index as HTML
  Rendering home/index.html.erb within layouts/application
  Rendered home/index.html.erb within layouts/application (0.7ms)
Completed 200 OK in 65ms (Views: 63.2ms | ActiveRecord: 0.0ms)


Started GET "/" for ::1 at 2017-03-13 21:58:58 -0600
Processing by HomeController#index as HTML
  Rendering home/index.html.erb within layouts/application
  Rendered home/index.html.erb within layouts/application (0.9ms)
Completed 200 OK in 92ms (Views: 88.6ms | ActiveRecord: 0.0ms)


Started GET "/" for ::1 at 2017-03-13 21:58:59 -0600
Processing by HomeController#index as HTML
  Rendering home/index.html.erb within layouts/application
  Rendered home/index.html.erb within layouts/application (0.6ms)
Completed 200 OK in 91ms (Views: 86.5ms | ActiveRecord: 0.0ms)


Started GET "/" for ::1 at 2017-03-13 21:59:00 -0600
Processing by HomeController#index as HTML
  Rendering home/index.html.erb within layouts/application
  Rendered home/index.html.erb within layouts/application (7.3ms)
Completed 200 OK in 96ms (Views: 93.0ms | ActiveRecord: 0.0ms)


Started GET "/" for ::1 at 2017-03-13 21:59:02 -0600
Processing by HomeController#index as HTML
  Rendering home/index.html.erb within layouts/application
  Rendered home/index.html.erb within layouts/application (0.5ms)
Completed 200 OK in 75ms (Views: 72.6ms | ActiveRecord: 0.0ms)


Started GET "/" for ::1 at 2017-03-13 21:59:04 -0600
Processing by HomeController#index as HTML
  Rendering home/index.html.erb within layouts/application
  Rendered home/index.html.erb within layouts/application (0.5ms)
Completed 200 OK in 98ms (Views: 94.6ms | ActiveRecord: 0.0ms)


Started GET "/" for ::1 at 2017-03-13 21:59:06 -0600
Processing by HomeController#index as HTML
  Rendering home/index.html.erb within layouts/application
  Rendered home/index.html.erb within layouts/application (0.8ms)
Completed 200 OK in 78ms (Views: 76.6ms | ActiveRecord: 0.0ms)


Started GET "/" for ::1 at 2017-03-13 21:59:07 -0600
Processing by HomeController#index as HTML
  Rendering home/index.html.erb within layouts/application
  Rendered home/index.html.erb within layouts/application (0.5ms)
Completed 200 OK in 79ms (Views: 77.4ms | ActiveRecord: 0.0ms)


Started GET "/" for ::1 at 2017-03-13 21:59:08 -0600
Processing by HomeController#index as HTML
  Rendering home/index.html.erb within layouts/application
  Rendered home/index.html.erb within layouts/application (1.1ms)
Completed 200 OK in 75ms (Views: 72.4ms | ActiveRecord: 0.0ms)


Started GET "/" for ::1 at 2017-03-13 21:59:09 -0600
Processing by HomeController#index as HTML
  Rendering home/index.html.erb within layouts/application
  Rendered home/index.html.erb within layouts/application (0.4ms)
Completed 200 OK in 80ms (Views: 77.0ms | ActiveRecord: 0.0ms)


Started GET "/" for ::1 at 2017-03-13 22:00:45 -0600
Processing by HomeController#index as HTML
  Rendering home/index.html.erb within layouts/application
  Rendered home/index.html.erb within layouts/application (0.4ms)
Completed 200 OK in 60ms (Views: 57.8ms | ActiveRecord: 0.0ms)


  
ActionController::RoutingError (No route matches [GET] "/assets/brand/bootstrap-solid.svg"):
  
actionpack (5.0.2) lib/action_dispatch/middleware/debug_exceptions.rb:53:in `call'
web-console (3.4.0) lib/web_console/middleware.rb:135:in `call_app'
web-console (3.4.0) lib/web_console/middleware.rb:28:in `block in call'
web-console (3.4.0) lib/web_console/middleware.rb:18:in `catch'
web-console (3.4.0) lib/web_console/middleware.rb:18:in `call'
actionpack (5.0.2) lib/action_dispatch/middleware/show_exceptions.rb:31:in `call'
railties (5.0.2) lib/rails/rack/logger.rb:36:in `call_app'
railties (5.0.2) lib/rails/rack/logger.rb:24:in `block in call'
activesupport (5.0.2) lib/active_support/tagged_logging.rb:69:in `block in tagged'
activesupport (5.0.2) lib/active_support/tagged_logging.rb:26:in `tagged'
activesupport (5.0.2) lib/active_support/tagged_logging.rb:69:in `tagged'
railties (5.0.2) lib/rails/rack/logger.rb:24:in `call'
sprockets-rails (3.2.0) lib/sprockets/rails/quiet_assets.rb:11:in `block in call'
activesupport (5.0.2) lib/active_support/logger_silence.rb:20:in `silence'
activesupport (5.0.2) lib/active_support/logger.rb:63:in `block (3 levels) in broadcast'
activesupport (5.0.2) lib/active_support/logger_silence.rb:20:in `silence'
activesupport (5.0.2) lib/active_support/logger.rb:61:in `block (2 levels) in broadcast'
sprockets-rails (3.2.0) lib/sprockets/rails/quiet_assets.rb:11:in `call'
actionpack (5.0.2) lib/action_dispatch/middleware/request_id.rb:24:in `call'
rack (2.0.1) lib/rack/method_override.rb:22:in `call'
rack (2.0.1) lib/rack/runtime.rb:22:in `call'
activesupport (5.0.2) lib/active_support/cache/strategy/local_cache_middleware.rb:28:in `call'
actionpack (5.0.2) lib/action_dispatch/middleware/executor.rb:12:in `call'
actionpack (5.0.2) lib/action_dispatch/middleware/static.rb:136:in `call'
rack (2.0.1) lib/rack/sendfile.rb:111:in `call'
railties (5.0.2) lib/rails/engine.rb:522:in `call'
puma (3.8.1) lib/puma/configuration.rb:224:in `call'
puma (3.8.1) lib/puma/server.rb:590:in `handle_request'
puma (3.8.1) lib/puma/server.rb:425:in `process_client'
puma (3.8.1) lib/puma/server.rb:289:in `block in run'
puma (3.8.1) lib/puma/thread_pool.rb:120:in `block in spawn_thread'
Started GET "/" for ::1 at 2017-03-13 22:07:33 -0600
Processing by HomeController#index as HTML
  Rendering home/index.html.erb within layouts/application
  Rendered home/index.html.erb within layouts/application (3.0ms)
Completed 200 OK in 217ms (Views: 211.2ms | ActiveRecord: 0.0ms)


  
ActionController::RoutingError (No route matches [GET] "/assets/images/letter-w.svg"):
  
actionpack (5.0.2) lib/action_dispatch/middleware/debug_exceptions.rb:53:in `call'
web-console (3.4.0) lib/web_console/middleware.rb:135:in `call_app'
web-console (3.4.0) lib/web_console/middleware.rb:28:in `block in call'
web-console (3.4.0) lib/web_console/middleware.rb:18:in `catch'
web-console (3.4.0) lib/web_console/middleware.rb:18:in `call'
actionpack (5.0.2) lib/action_dispatch/middleware/show_exceptions.rb:31:in `call'
railties (5.0.2) lib/rails/rack/logger.rb:36:in `call_app'
railties (5.0.2) lib/rails/rack/logger.rb:24:in `block in call'
activesupport (5.0.2) lib/active_support/tagged_logging.rb:69:in `block in tagged'
activesupport (5.0.2) lib/active_support/tagged_logging.rb:26:in `tagged'
activesupport (5.0.2) lib/active_support/tagged_logging.rb:69:in `tagged'
railties (5.0.2) lib/rails/rack/logger.rb:24:in `call'
sprockets-rails (3.2.0) lib/sprockets/rails/quiet_assets.rb:11:in `block in call'
activesupport (5.0.2) lib/active_support/logger_silence.rb:20:in `silence'
activesupport (5.0.2) lib/active_support/logger.rb:63:in `block (3 levels) in broadcast'
activesupport (5.0.2) lib/active_support/logger_silence.rb:20:in `silence'
activesupport (5.0.2) lib/active_support/logger.rb:61:in `block (2 levels) in broadcast'
sprockets-rails (3.2.0) lib/sprockets/rails/quiet_assets.rb:11:in `call'
actionpack (5.0.2) lib/action_dispatch/middleware/request_id.rb:24:in `call'
rack (2.0.1) lib/rack/method_override.rb:22:in `call'
rack (2.0.1) lib/rack/runtime.rb:22:in `call'
activesupport (5.0.2) lib/active_support/cache/strategy/local_cache_middleware.rb:28:in `call'
actionpack (5.0.2) lib/action_dispatch/middleware/executor.rb:12:in `call'
actionpack (5.0.2) lib/action_dispatch/middleware/static.rb:136:in `call'
rack (2.0.1) lib/rack/sendfile.rb:111:in `call'
railties (5.0.2) lib/rails/engine.rb:522:in `call'
puma (3.8.1) lib/puma/configuration.rb:224:in `call'
puma (3.8.1) lib/puma/server.rb:590:in `handle_request'
puma (3.8.1) lib/puma/server.rb:425:in `process_client'
puma (3.8.1) lib/puma/server.rb:289:in `block in run'
puma (3.8.1) lib/puma/thread_pool.rb:120:in `block in spawn_thread'
Started GET "/" for ::1 at 2017-03-13 22:08:16 -0600
  [1m[36mActiveRecord::SchemaMigration Load (0.5ms)[0m  [1m[34mSELECT `schema_migrations`.* FROM `schema_migrations`[0m
Processing by HomeController#index as HTML
  Rendering home/index.html.erb within layouts/application
  Rendered home/index.html.erb within layouts/application (2.4ms)
Completed 200 OK in 555ms (Views: 541.9ms | ActiveRecord: 0.0ms)


  
ActionController::RoutingError (No route matches [GET] "/assets/images/letter-w.svg"):
  
actionpack (5.0.2) lib/action_dispatch/middleware/debug_exceptions.rb:53:in `call'
web-console (3.4.0) lib/web_console/middleware.rb:135:in `call_app'
web-console (3.4.0) lib/web_console/middleware.rb:28:in `block in call'
web-console (3.4.0) lib/web_console/middleware.rb:18:in `catch'
web-console (3.4.0) lib/web_console/middleware.rb:18:in `call'
actionpack (5.0.2) lib/action_dispatch/middleware/show_exceptions.rb:31:in `call'
railties (5.0.2) lib/rails/rack/logger.rb:36:in `call_app'
railties (5.0.2) lib/rails/rack/logger.rb:24:in `block in call'
activesupport (5.0.2) lib/active_support/tagged_logging.rb:69:in `block in tagged'
activesupport (5.0.2) lib/active_support/tagged_logging.rb:26:in `tagged'
activesupport (5.0.2) lib/active_support/tagged_logging.rb:69:in `tagged'
railties (5.0.2) lib/rails/rack/logger.rb:24:in `call'
sprockets-rails (3.2.0) lib/sprockets/rails/quiet_assets.rb:11:in `block in call'
activesupport (5.0.2) lib/active_support/logger_silence.rb:20:in `silence'
activesupport (5.0.2) lib/active_support/logger.rb:63:in `block (3 levels) in broadcast'
activesupport (5.0.2) lib/active_support/logger_silence.rb:20:in `silence'
activesupport (5.0.2) lib/active_support/logger.rb:61:in `block (2 levels) in broadcast'
sprockets-rails (3.2.0) lib/sprockets/rails/quiet_assets.rb:11:in `call'
actionpack (5.0.2) lib/action_dispatch/middleware/request_id.rb:24:in `call'
rack (2.0.1) lib/rack/method_override.rb:22:in `call'
rack (2.0.1) lib/rack/runtime.rb:22:in `call'
activesupport (5.0.2) lib/active_support/cache/strategy/local_cache_middleware.rb:28:in `call'
actionpack (5.0.2) lib/action_dispatch/middleware/executor.rb:12:in `call'
actionpack (5.0.2) lib/action_dispatch/middleware/static.rb:136:in `call'
rack (2.0.1) lib/rack/sendfile.rb:111:in `call'
railties (5.0.2) lib/rails/engine.rb:522:in `call'
puma (3.8.1) lib/puma/configuration.rb:224:in `call'
puma (3.8.1) lib/puma/server.rb:590:in `handle_request'
puma (3.8.1) lib/puma/server.rb:425:in `process_client'
puma (3.8.1) lib/puma/server.rb:289:in `block in run'
puma (3.8.1) lib/puma/thread_pool.rb:120:in `block in spawn_thread'
Started GET "/" for ::1 at 2017-03-13 22:09:07 -0600
Processing by HomeController#index as HTML
  Rendering home/index.html.erb within layouts/application
  Rendered home/index.html.erb within layouts/application (0.4ms)
Completed 200 OK in 49ms (Views: 46.5ms | ActiveRecord: 0.0ms)


  
ActionController::RoutingError (No route matches [GET] "/assets/images/letter-w.svg"):
  
actionpack (5.0.2) lib/action_dispatch/middleware/debug_exceptions.rb:53:in `call'
web-console (3.4.0) lib/web_console/middleware.rb:135:in `call_app'
web-console (3.4.0) lib/web_console/middleware.rb:28:in `block in call'
web-console (3.4.0) lib/web_console/middleware.rb:18:in `catch'
web-console (3.4.0) lib/web_console/middleware.rb:18:in `call'
actionpack (5.0.2) lib/action_dispatch/middleware/show_exceptions.rb:31:in `call'
railties (5.0.2) lib/rails/rack/logger.rb:36:in `call_app'
railties (5.0.2) lib/rails/rack/logger.rb:24:in `block in call'
activesupport (5.0.2) lib/active_support/tagged_logging.rb:69:in `block in tagged'
activesupport (5.0.2) lib/active_support/tagged_logging.rb:26:in `tagged'
activesupport (5.0.2) lib/active_support/tagged_logging.rb:69:in `tagged'
railties (5.0.2) lib/rails/rack/logger.rb:24:in `call'
sprockets-rails (3.2.0) lib/sprockets/rails/quiet_assets.rb:11:in `block in call'
activesupport (5.0.2) lib/active_support/logger_silence.rb:20:in `silence'
activesupport (5.0.2) lib/active_support/logger.rb:63:in `block (3 levels) in broadcast'
activesupport (5.0.2) lib/active_support/logger_silence.rb:20:in `silence'
activesupport (5.0.2) lib/active_support/logger.rb:61:in `block (2 levels) in broadcast'
sprockets-rails (3.2.0) lib/sprockets/rails/quiet_assets.rb:11:in `call'
actionpack (5.0.2) lib/action_dispatch/middleware/request_id.rb:24:in `call'
rack (2.0.1) lib/rack/method_override.rb:22:in `call'
rack (2.0.1) lib/rack/runtime.rb:22:in `call'
activesupport (5.0.2) lib/active_support/cache/strategy/local_cache_middleware.rb:28:in `call'
actionpack (5.0.2) lib/action_dispatch/middleware/executor.rb:12:in `call'
actionpack (5.0.2) lib/action_dispatch/middleware/static.rb:136:in `call'
rack (2.0.1) lib/rack/sendfile.rb:111:in `call'
railties (5.0.2) lib/rails/engine.rb:522:in `call'
puma (3.8.1) lib/puma/configuration.rb:224:in `call'
puma (3.8.1) lib/puma/server.rb:590:in `handle_request'
puma (3.8.1) lib/puma/server.rb:425:in `process_client'
puma (3.8.1) lib/puma/server.rb:289:in `block in run'
puma (3.8.1) lib/puma/thread_pool.rb:120:in `block in spawn_thread'
Started GET "/" for ::1 at 2017-03-13 22:10:59 -0600
Processing by HomeController#index as HTML
  Rendering home/index.html.erb within layouts/application
  Rendered home/index.html.erb within layouts/application (2.0ms)
Completed 200 OK in 159ms (Views: 153.6ms | ActiveRecord: 0.0ms)


Started GET "/images/letter-w.svg" for ::1 at 2017-03-13 22:10:59 -0600
  
ActionController::RoutingError (No route matches [GET] "/images/letter-w.svg"):
  
actionpack (5.0.2) lib/action_dispatch/middleware/debug_exceptions.rb:53:in `call'
web-console (3.4.0) lib/web_console/middleware.rb:135:in `call_app'
web-console (3.4.0) lib/web_console/middleware.rb:28:in `block in call'
web-console (3.4.0) lib/web_console/middleware.rb:18:in `catch'
web-console (3.4.0) lib/web_console/middleware.rb:18:in `call'
actionpack (5.0.2) lib/action_dispatch/middleware/show_exceptions.rb:31:in `call'
railties (5.0.2) lib/rails/rack/logger.rb:36:in `call_app'
railties (5.0.2) lib/rails/rack/logger.rb:24:in `block in call'
activesupport (5.0.2) lib/active_support/tagged_logging.rb:69:in `block in tagged'
activesupport (5.0.2) lib/active_support/tagged_logging.rb:26:in `tagged'
activesupport (5.0.2) lib/active_support/tagged_logging.rb:69:in `tagged'
railties (5.0.2) lib/rails/rack/logger.rb:24:in `call'
sprockets-rails (3.2.0) lib/sprockets/rails/quiet_assets.rb:13:in `call'
actionpack (5.0.2) lib/action_dispatch/middleware/request_id.rb:24:in `call'
rack (2.0.1) lib/rack/method_override.rb:22:in `call'
rack (2.0.1) lib/rack/runtime.rb:22:in `call'
activesupport (5.0.2) lib/active_support/cache/strategy/local_cache_middleware.rb:28:in `call'
actionpack (5.0.2) lib/action_dispatch/middleware/executor.rb:12:in `call'
actionpack (5.0.2) lib/action_dispatch/middleware/static.rb:136:in `call'
rack (2.0.1) lib/rack/sendfile.rb:111:in `call'
railties (5.0.2) lib/rails/engine.rb:522:in `call'
puma (3.8.1) lib/puma/configuration.rb:224:in `call'
puma (3.8.1) lib/puma/server.rb:590:in `handle_request'
puma (3.8.1) lib/puma/server.rb:425:in `process_client'
puma (3.8.1) lib/puma/server.rb:289:in `block in run'
puma (3.8.1) lib/puma/thread_pool.rb:120:in `block in spawn_thread'
  Rendering /Users/Emrazian/.rvm/gems/ruby-2.4.0@woof/gems/actionpack-5.0.2/lib/action_dispatch/middleware/templates/rescues/routing_error.html.erb within rescues/layout
  Rendering /Users/Emrazian/.rvm/gems/ruby-2.4.0@woof/gems/actionpack-5.0.2/lib/action_dispatch/middleware/templates/rescues/_trace.html.erb
  Rendered /Users/Emrazian/.rvm/gems/ruby-2.4.0@woof/gems/actionpack-5.0.2/lib/action_dispatch/middleware/templates/rescues/_trace.html.erb (4.1ms)
  Rendered collection of /Users/Emrazian/.rvm/gems/ruby-2.4.0@woof/gems/actionpack-5.0.2/lib/action_dispatch/middleware/templates/routes/_route.html.erb [25 times] (15.4ms)
  Rendered /Users/Emrazian/.rvm/gems/ruby-2.4.0@woof/gems/actionpack-5.0.2/lib/action_dispatch/middleware/templates/routes/_table.html.erb (2.3ms)
  Rendering /Users/Emrazian/.rvm/gems/ruby-2.4.0@woof/gems/actionpack-5.0.2/lib/action_dispatch/middleware/templates/rescues/_request_and_response.html.erb
  Rendered /Users/Emrazian/.rvm/gems/ruby-2.4.0@woof/gems/actionpack-5.0.2/lib/action_dispatch/middleware/templates/rescues/_request_and_response.html.erb (2.7ms)
  Rendered /Users/Emrazian/.rvm/gems/ruby-2.4.0@woof/gems/actionpack-5.0.2/lib/action_dispatch/middleware/templates/rescues/routing_error.html.erb within rescues/layout (155.9ms)
Started GET "/" for ::1 at 2017-03-13 22:11:03 -0600
Processing by HomeController#index as HTML
  Rendering home/index.html.erb within layouts/application
  Rendered home/index.html.erb within layouts/application (0.4ms)
Completed 200 OK in 51ms (Views: 48.9ms | ActiveRecord: 0.0ms)


Started GET "/images/letter-w.svg" for ::1 at 2017-03-13 22:11:03 -0600
  
ActionController::RoutingError (No route matches [GET] "/images/letter-w.svg"):
  
actionpack (5.0.2) lib/action_dispatch/middleware/debug_exceptions.rb:53:in `call'
web-console (3.4.0) lib/web_console/middleware.rb:135:in `call_app'
web-console (3.4.0) lib/web_console/middleware.rb:28:in `block in call'
web-console (3.4.0) lib/web_console/middleware.rb:18:in `catch'
web-console (3.4.0) lib/web_console/middleware.rb:18:in `call'
actionpack (5.0.2) lib/action_dispatch/middleware/show_exceptions.rb:31:in `call'
railties (5.0.2) lib/rails/rack/logger.rb:36:in `call_app'
railties (5.0.2) lib/rails/rack/logger.rb:24:in `block in call'
activesupport (5.0.2) lib/active_support/tagged_logging.rb:69:in `block in tagged'
activesupport (5.0.2) lib/active_support/tagged_logging.rb:26:in `tagged'
activesupport (5.0.2) lib/active_support/tagged_logging.rb:69:in `tagged'
railties (5.0.2) lib/rails/rack/logger.rb:24:in `call'
sprockets-rails (3.2.0) lib/sprockets/rails/quiet_assets.rb:13:in `call'
actionpack (5.0.2) lib/action_dispatch/middleware/request_id.rb:24:in `call'
rack (2.0.1) lib/rack/method_override.rb:22:in `call'
rack (2.0.1) lib/rack/runtime.rb:22:in `call'
activesupport (5.0.2) lib/active_support/cache/strategy/local_cache_middleware.rb:28:in `call'
actionpack (5.0.2) lib/action_dispatch/middleware/executor.rb:12:in `call'
actionpack (5.0.2) lib/action_dispatch/middleware/static.rb:136:in `call'
rack (2.0.1) lib/rack/sendfile.rb:111:in `call'
railties (5.0.2) lib/rails/engine.rb:522:in `call'
puma (3.8.1) lib/puma/configuration.rb:224:in `call'
puma (3.8.1) lib/puma/server.rb:590:in `handle_request'
puma (3.8.1) lib/puma/server.rb:425:in `process_client'
puma (3.8.1) lib/puma/server.rb:289:in `block in run'
puma (3.8.1) lib/puma/thread_pool.rb:120:in `block in spawn_thread'
  Rendering /Users/Emrazian/.rvm/gems/ruby-2.4.0@woof/gems/actionpack-5.0.2/lib/action_dispatch/middleware/templates/rescues/routing_error.html.erb within rescues/layout
  Rendering /Users/Emrazian/.rvm/gems/ruby-2.4.0@woof/gems/actionpack-5.0.2/lib/action_dispatch/middleware/templates/rescues/_trace.html.erb
  Rendered /Users/Emrazian/.rvm/gems/ruby-2.4.0@woof/gems/actionpack-5.0.2/lib/action_dispatch/middleware/templates/rescues/_trace.html.erb (1.2ms)
  Rendered collection of /Users/Emrazian/.rvm/gems/ruby-2.4.0@woof/gems/actionpack-5.0.2/lib/action_dispatch/middleware/templates/routes/_route.html.erb [25 times] (10.2ms)
  Rendered /Users/Emrazian/.rvm/gems/ruby-2.4.0@woof/gems/actionpack-5.0.2/lib/action_dispatch/middleware/templates/routes/_table.html.erb (2.1ms)
  Rendering /Users/Emrazian/.rvm/gems/ruby-2.4.0@woof/gems/actionpack-5.0.2/lib/action_dispatch/middleware/templates/rescues/_request_and_response.html.erb
  Rendered /Users/Emrazian/.rvm/gems/ruby-2.4.0@woof/gems/actionpack-5.0.2/lib/action_dispatch/middleware/templates/rescues/_request_and_response.html.erb (1.2ms)
  Rendered /Users/Emrazian/.rvm/gems/ruby-2.4.0@woof/gems/actionpack-5.0.2/lib/action_dispatch/middleware/templates/rescues/routing_error.html.erb within rescues/layout (133.3ms)
Started GET "/" for ::1 at 2017-03-13 22:15:14 -0600
Processing by HomeController#index as HTML
  Rendering home/index.html.erb within layouts/application
  Rendered home/index.html.erb within layouts/application (0.5ms)
Completed 200 OK in 79ms (Views: 77.4ms | ActiveRecord: 0.0ms)


Started GET "/images/letter-w.svg" for ::1 at 2017-03-13 22:15:14 -0600
  
ActionController::RoutingError (No route matches [GET] "/images/letter-w.svg"):
  
actionpack (5.0.2) lib/action_dispatch/middleware/debug_exceptions.rb:53:in `call'
web-console (3.4.0) lib/web_console/middleware.rb:135:in `call_app'
web-console (3.4.0) lib/web_console/middleware.rb:28:in `block in call'
web-console (3.4.0) lib/web_console/middleware.rb:18:in `catch'
web-console (3.4.0) lib/web_console/middleware.rb:18:in `call'
actionpack (5.0.2) lib/action_dispatch/middleware/show_exceptions.rb:31:in `call'
railties (5.0.2) lib/rails/rack/logger.rb:36:in `call_app'
railties (5.0.2) lib/rails/rack/logger.rb:24:in `block in call'
activesupport (5.0.2) lib/active_support/tagged_logging.rb:69:in `block in tagged'
activesupport (5.0.2) lib/active_support/tagged_logging.rb:26:in `tagged'
activesupport (5.0.2) lib/active_support/tagged_logging.rb:69:in `tagged'
railties (5.0.2) lib/rails/rack/logger.rb:24:in `call'
sprockets-rails (3.2.0) lib/sprockets/rails/quiet_assets.rb:13:in `call'
actionpack (5.0.2) lib/action_dispatch/middleware/request_id.rb:24:in `call'
rack (2.0.1) lib/rack/method_override.rb:22:in `call'
rack (2.0.1) lib/rack/runtime.rb:22:in `call'
activesupport (5.0.2) lib/active_support/cache/strategy/local_cache_middleware.rb:28:in `call'
actionpack (5.0.2) lib/action_dispatch/middleware/executor.rb:12:in `call'
actionpack (5.0.2) lib/action_dispatch/middleware/static.rb:136:in `call'
rack (2.0.1) lib/rack/sendfile.rb:111:in `call'
railties (5.0.2) lib/rails/engine.rb:522:in `call'
puma (3.8.1) lib/puma/configuration.rb:224:in `call'
puma (3.8.1) lib/puma/server.rb:590:in `handle_request'
puma (3.8.1) lib/puma/server.rb:425:in `process_client'
puma (3.8.1) lib/puma/server.rb:289:in `block in run'
puma (3.8.1) lib/puma/thread_pool.rb:120:in `block in spawn_thread'
  Rendering /Users/Emrazian/.rvm/gems/ruby-2.4.0@woof/gems/actionpack-5.0.2/lib/action_dispatch/middleware/templates/rescues/routing_error.html.erb within rescues/layout
  Rendering /Users/Emrazian/.rvm/gems/ruby-2.4.0@woof/gems/actionpack-5.0.2/lib/action_dispatch/middleware/templates/rescues/_trace.html.erb
  Rendered /Users/Emrazian/.rvm/gems/ruby-2.4.0@woof/gems/actionpack-5.0.2/lib/action_dispatch/middleware/templates/rescues/_trace.html.erb (1.2ms)
  Rendered collection of /Users/Emrazian/.rvm/gems/ruby-2.4.0@woof/gems/actionpack-5.0.2/lib/action_dispatch/middleware/templates/routes/_route.html.erb [25 times] (8.8ms)
  Rendered /Users/Emrazian/.rvm/gems/ruby-2.4.0@woof/gems/actionpack-5.0.2/lib/action_dispatch/middleware/templates/routes/_table.html.erb (1.4ms)
  Rendering /Users/Emrazian/.rvm/gems/ruby-2.4.0@woof/gems/actionpack-5.0.2/lib/action_dispatch/middleware/templates/rescues/_request_and_response.html.erb
  Rendered /Users/Emrazian/.rvm/gems/ruby-2.4.0@woof/gems/actionpack-5.0.2/lib/action_dispatch/middleware/templates/rescues/_request_and_response.html.erb (2.4ms)
  Rendered /Users/Emrazian/.rvm/gems/ruby-2.4.0@woof/gems/actionpack-5.0.2/lib/action_dispatch/middleware/templates/rescues/routing_error.html.erb within rescues/layout (109.9ms)
Started GET "/" for ::1 at 2017-03-13 22:15:25 -0600
Processing by HomeController#index as HTML
  Rendering home/index.html.erb within layouts/application
  Rendered home/index.html.erb within layouts/application (0.4ms)
Completed 200 OK in 53ms (Views: 51.0ms | ActiveRecord: 0.0ms)


Started GET "/" for ::1 at 2017-03-13 22:15:41 -0600
Processing by HomeController#index as HTML
  Rendering home/index.html.erb within layouts/application
  Rendered home/index.html.erb within layouts/application (0.6ms)
Completed 200 OK in 62ms (Views: 60.5ms | ActiveRecord: 0.0ms)


Started GET "/" for ::1 at 2017-03-13 22:15:45 -0600
Processing by HomeController#index as HTML
  Rendering home/index.html.erb within layouts/application
  Rendered home/index.html.erb within layouts/application (1.2ms)
Completed 200 OK in 73ms (Views: 71.8ms | ActiveRecord: 0.0ms)


Started GET "/" for ::1 at 2017-03-13 22:17:02 -0600
Processing by HomeController#index as HTML
  Rendering home/index.html.erb within layouts/application
  Rendered home/index.html.erb within layouts/application (0.4ms)
Completed 200 OK in 58ms (Views: 56.2ms | ActiveRecord: 0.0ms)


Started GET "/" for ::1 at 2017-03-13 22:17:28 -0600
Processing by HomeController#index as HTML
  Rendering home/index.html.erb within layouts/application
  Rendered home/index.html.erb within layouts/application (0.5ms)
Completed 200 OK in 58ms (Views: 55.5ms | ActiveRecord: 0.0ms)


Started GET "/" for ::1 at 2017-03-13 22:17:39 -0600
Processing by HomeController#index as HTML
  Rendering home/index.html.erb within layouts/application
  Rendered home/index.html.erb within layouts/application (0.5ms)
Completed 200 OK in 74ms (Views: 72.6ms | ActiveRecord: 0.0ms)


Started GET "/" for ::1 at 2017-03-13 22:21:16 -0600
  [1m[36mActiveRecord::SchemaMigration Load (1.9ms)[0m  [1m[34mSELECT `schema_migrations`.* FROM `schema_migrations`[0m
Processing by HomeController#index as HTML
  Rendering home/index.html.erb within layouts/application
  Rendered home/index.html.erb within layouts/application (1.5ms)
Completed 200 OK in 431ms (Views: 410.6ms | ActiveRecord: 0.0ms)


Started GET "/users" for ::1 at 2017-03-13 22:21:21 -0600
Processing by UsersController#index as HTML
Completed 500 Internal Server Error in 12ms (ActiveRecord: 0.0ms)


  
LoadError (cannot load such file -- bcrypt):
  
app/models/user.rb:2:in `<class:User>'
app/models/user.rb:1:in `<top (required)>'
app/controllers/users_controller.rb:7:in `index'
  Rendering /Users/Emrazian/.rvm/gems/ruby-2.4.0@woof/gems/actionpack-5.0.2/lib/action_dispatch/middleware/templates/rescues/diagnostics.html.erb within rescues/layout
  Rendering /Users/Emrazian/.rvm/gems/ruby-2.4.0@woof/gems/actionpack-5.0.2/lib/action_dispatch/middleware/templates/rescues/_source.html.erb
  Rendered /Users/Emrazian/.rvm/gems/ruby-2.4.0@woof/gems/actionpack-5.0.2/lib/action_dispatch/middleware/templates/rescues/_source.html.erb (14.4ms)
  Rendering /Users/Emrazian/.rvm/gems/ruby-2.4.0@woof/gems/actionpack-5.0.2/lib/action_dispatch/middleware/templates/rescues/_trace.html.erb
  Rendered /Users/Emrazian/.rvm/gems/ruby-2.4.0@woof/gems/actionpack-5.0.2/lib/action_dispatch/middleware/templates/rescues/_trace.html.erb (2.3ms)
  Rendering /Users/Emrazian/.rvm/gems/ruby-2.4.0@woof/gems/actionpack-5.0.2/lib/action_dispatch/middleware/templates/rescues/_request_and_response.html.erb
  Rendered /Users/Emrazian/.rvm/gems/ruby-2.4.0@woof/gems/actionpack-5.0.2/lib/action_dispatch/middleware/templates/rescues/_request_and_response.html.erb (1.2ms)
  Rendered /Users/Emrazian/.rvm/gems/ruby-2.4.0@woof/gems/actionpack-5.0.2/lib/action_dispatch/middleware/templates/rescues/diagnostics.html.erb within rescues/layout (123.7ms)
Started GET "/" for ::1 at 2017-03-13 22:21:50 -0600
Processing by HomeController#index as HTML
  Rendering home/index.html.erb within layouts/application
  Rendered home/index.html.erb within layouts/application (0.4ms)
Completed 200 OK in 61ms (Views: 58.6ms | ActiveRecord: 0.0ms)


Started GET "/" for ::1 at 2017-03-13 22:21:50 -0600
Processing by HomeController#index as HTML
  Rendering home/index.html.erb within layouts/application
  Rendered home/index.html.erb within layouts/application (0.3ms)
Completed 200 OK in 82ms (Views: 80.0ms | ActiveRecord: 0.0ms)


Started GET "/pets" for ::1 at 2017-03-13 22:21:54 -0600
Processing by PetsController#index as HTML
  Rendering pets/index.html.erb within layouts/application
  [1m[36mPet Load (1.8ms)[0m  [1m[34mSELECT `pets`.* FROM `pets`[0m
  Rendered pets/index.html.erb within layouts/application (6.8ms)
Completed 200 OK in 88ms (Views: 73.0ms | ActiveRecord: 2.8ms)


Started GET "/pets/new" for ::1 at 2017-03-13 22:21:57 -0600
Processing by PetsController#new as HTML
  Rendering pets/new.html.erb within layouts/application
  Rendered pets/_form.html.erb (25.9ms)
  Rendered pets/new.html.erb within layouts/application (28.9ms)
Completed 200 OK in 100ms (Views: 92.3ms | ActiveRecord: 0.9ms)


Started GET "/" for ::1 at 2017-03-13 22:22:40 -0600
Processing by HomeController#index as HTML
  Rendering home/index.html.erb within layouts/application
  Rendered home/index.html.erb within layouts/application (0.5ms)
Started GET "/" for ::1 at 2017-03-13 22:22:40 -0600
Processing by HomeController#index as HTML
  Rendering home/index.html.erb within layouts/application
  Rendered home/index.html.erb within layouts/application (0.3ms)
Completed 200 OK in 139ms (Views: 136.8ms | ActiveRecord: 0.0ms)


Completed 200 OK in 120ms (Views: 116.0ms | ActiveRecord: 0.0ms)


Started GET "/groups" for ::1 at 2017-03-13 22:22:43 -0600
Processing by GroupsController#index as HTML
  Rendering groups/index.html.erb within layouts/application
  [1m[36mGroup Load (0.5ms)[0m  [1m[34mSELECT `groups`.* FROM `groups`[0m
  Rendered groups/index.html.erb within layouts/application (4.4ms)
Completed 200 OK in 80ms (Views: 67.7ms | ActiveRecord: 1.1ms)


Started GET "/groups/new" for ::1 at 2017-03-13 22:22:46 -0600
Processing by GroupsController#new as HTML
  Rendering groups/new.html.erb within layouts/application
  Rendered groups/_form.html.erb (20.0ms)
  Rendered groups/new.html.erb within layouts/application (22.8ms)
Completed 500 Internal Server Error in 42ms (ActiveRecord: 2.1ms)


  
ActionView::Template::Error (undefined method `owner' for #<Group:0x007f8bdef18cd8>
Did you mean?  owner_id):
    18: 
    19:   <div class="field">
    20:     <%= f.label :owner %>
    21:     <%= f.number_field :owner %>
    22:   </div>
    23: 
    24:   <div class="actions">
  
app/views/groups/_form.html.erb:21:in `block in _app_views_groups__form_html_erb__2984909881682607751_70119381059920'
app/views/groups/_form.html.erb:1:in `_app_views_groups__form_html_erb__2984909881682607751_70119381059920'
app/views/groups/new.html.erb:3:in `_app_views_groups_new_html_erb__2548153096491504565_70119381144500'
  Rendering /Users/Emrazian/.rvm/gems/ruby-2.4.0@woof/gems/actionpack-5.0.2/lib/action_dispatch/middleware/templates/rescues/template_error.html.erb within rescues/layout
  Rendering /Users/Emrazian/.rvm/gems/ruby-2.4.0@woof/gems/actionpack-5.0.2/lib/action_dispatch/middleware/templates/rescues/_source.html.erb
  Rendered /Users/Emrazian/.rvm/gems/ruby-2.4.0@woof/gems/actionpack-5.0.2/lib/action_dispatch/middleware/templates/rescues/_source.html.erb (6.0ms)
  Rendering /Users/Emrazian/.rvm/gems/ruby-2.4.0@woof/gems/actionpack-5.0.2/lib/action_dispatch/middleware/templates/rescues/_trace.html.erb
  Rendered /Users/Emrazian/.rvm/gems/ruby-2.4.0@woof/gems/actionpack-5.0.2/lib/action_dispatch/middleware/templates/rescues/_trace.html.erb (2.2ms)
  Rendering /Users/Emrazian/.rvm/gems/ruby-2.4.0@woof/gems/actionpack-5.0.2/lib/action_dispatch/middleware/templates/rescues/_request_and_response.html.erb
  Rendered /Users/Emrazian/.rvm/gems/ruby-2.4.0@woof/gems/actionpack-5.0.2/lib/action_dispatch/middleware/templates/rescues/_request_and_response.html.erb (0.7ms)
  Rendered /Users/Emrazian/.rvm/gems/ruby-2.4.0@woof/gems/actionpack-5.0.2/lib/action_dispatch/middleware/templates/rescues/template_error.html.erb within rescues/layout (76.8ms)
Started GET "/groups/new" for ::1 at 2017-03-13 22:25:14 -0600
Processing by GroupsController#new as HTML
  Rendering groups/new.html.erb within layouts/application
  Rendered groups/_form.html.erb (12.7ms)
  Rendered groups/new.html.erb within layouts/application (21.1ms)
Completed 200 OK in 195ms (Views: 177.8ms | ActiveRecord: 0.0ms)


Started POST "/groups" for ::1 at 2017-03-13 22:25:48 -0600
Processing by GroupsController#create as HTML
  Parameters: {"utf8"=>"✓", "authenticity_token"=>"62UICzecdF8ybL4ud7xEVamuDUcsLa0r7xcNjbrvw1v2Jtg8TGc9I6CuV/kUFYvqxi3pwgqfjTZfRBY5mbvSNQ==", "group"=>{"name"=>"pardos", "owner_id"=>"123"}, "commit"=>"Create Group"}
Unpermitted parameter: owner_id
  [1m[35m (0.2ms)[0m  [1m[35mBEGIN[0m
  [1m[35mSQL (2.7ms)[0m  [1m[32mINSERT INTO `groups` (`name`, `created_at`, `updated_at`) VALUES ('pardos', '2017-03-14 04:25:48', '2017-03-14 04:25:48')[0m
  [1m[35m (0.2ms)[0m  [1m[31mROLLBACK[0m
Completed 500 Internal Server Error in 10ms (ActiveRecord: 3.1ms)


  
ActiveRecord::StatementInvalid (Mysql2::Error: Field 'owner_id' doesn't have a default value: INSERT INTO `groups` (`name`, `created_at`, `updated_at`) VALUES ('pardos', '2017-03-14 04:25:48', '2017-03-14 04:25:48')):
  
app/controllers/groups_controller.rb:30:in `block in create'
app/controllers/groups_controller.rb:29:in `create'
  Rendering /Users/Emrazian/.rvm/gems/ruby-2.4.0@woof/gems/actionpack-5.0.2/lib/action_dispatch/middleware/templates/rescues/diagnostics.html.erb within rescues/layout
  Rendering /Users/Emrazian/.rvm/gems/ruby-2.4.0@woof/gems/actionpack-5.0.2/lib/action_dispatch/middleware/templates/rescues/_source.html.erb
  Rendered /Users/Emrazian/.rvm/gems/ruby-2.4.0@woof/gems/actionpack-5.0.2/lib/action_dispatch/middleware/templates/rescues/_source.html.erb (6.8ms)
  Rendering /Users/Emrazian/.rvm/gems/ruby-2.4.0@woof/gems/actionpack-5.0.2/lib/action_dispatch/middleware/templates/rescues/_trace.html.erb
  Rendered /Users/Emrazian/.rvm/gems/ruby-2.4.0@woof/gems/actionpack-5.0.2/lib/action_dispatch/middleware/templates/rescues/_trace.html.erb (2.1ms)
  Rendering /Users/Emrazian/.rvm/gems/ruby-2.4.0@woof/gems/actionpack-5.0.2/lib/action_dispatch/middleware/templates/rescues/_request_and_response.html.erb
  Rendered /Users/Emrazian/.rvm/gems/ruby-2.4.0@woof/gems/actionpack-5.0.2/lib/action_dispatch/middleware/templates/rescues/_request_and_response.html.erb (1.6ms)
  Rendered /Users/Emrazian/.rvm/gems/ruby-2.4.0@woof/gems/actionpack-5.0.2/lib/action_dispatch/middleware/templates/rescues/diagnostics.html.erb within rescues/layout (87.5ms)
Started GET "/" for ::1 at 2017-03-13 22:27:13 -0600
Processing by HomeController#index as HTML
  Rendering home/index.html.erb within layouts/application
  Rendered home/index.html.erb within layouts/application (0.4ms)
Completed 200 OK in 63ms (Views: 61.3ms | ActiveRecord: 0.0ms)


Started GET "/pets" for ::1 at 2017-03-13 22:27:20 -0600
Processing by PetsController#index as HTML
  Rendering pets/index.html.erb within layouts/application
  [1m[36mPet Load (0.3ms)[0m  [1m[34mSELECT `pets`.* FROM `pets`[0m
  Rendered pets/index.html.erb within layouts/application (2.9ms)
Completed 200 OK in 69ms (Views: 66.8ms | ActiveRecord: 0.3ms)


Started GET "/pets/new" for ::1 at 2017-03-13 22:27:24 -0600
Processing by PetsController#new as HTML
  Rendering pets/new.html.erb within layouts/application
  Rendered pets/_form.html.erb (5.8ms)
  Rendered pets/new.html.erb within layouts/application (9.9ms)
Completed 200 OK in 100ms (Views: 95.2ms | ActiveRecord: 0.0ms)


Started POST "/pets" for ::1 at 2017-03-13 22:27:42 -0600
Processing by PetsController#create as HTML
  Parameters: {"utf8"=>"✓", "authenticity_token"=>"vilfg0df299nk457SSkqa75+HJRdCNrT9EUOcyRIIKeZrFN2YfG0Wn41MxLQPywdctPcoKaetsWx485udVBd2g==", "pet"=>{"name"=>"Coco", "group_id"=>"1"}, "commit"=>"Create Pet"}
  [1m[35m (0.3ms)[0m  [1m[35mBEGIN[0m
  [1m[36mGroup Load (0.6ms)[0m  [1m[34mSELECT  `groups`.* FROM `groups` WHERE `groups`.`id` = 1 LIMIT 1[0m
  [1m[35m (0.2ms)[0m  [1m[31mROLLBACK[0m
  Rendering pets/new.html.erb within layouts/application
  Rendered pets/_form.html.erb (2.4ms)
  Rendered pets/new.html.erb within layouts/application (4.4ms)
Completed 200 OK in 94ms (Views: 69.3ms | ActiveRecord: 1.0ms)


Started POST "/pets" for ::1 at 2017-03-13 22:27:53 -0600
Processing by PetsController#create as HTML
  Parameters: {"utf8"=>"✓", "authenticity_token"=>"EpI+2w08fOkAAput9IS9JauSuYn2FgQ2K269mWiD/RMP0e7sdsc1lZLAcnqXLXKaxBFdDNCkJCubPaYtS9fsfQ==", "pet"=>{"name"=>"Coco", "group_id"=>"1"}, "commit"=>"Create Pet"}
  [1m[35m (0.4ms)[0m  [1m[35mBEGIN[0m
  [1m[36mGroup Load (0.3ms)[0m  [1m[34mSELECT  `groups`.* FROM `groups` WHERE `groups`.`id` = 1 LIMIT 1[0m
  [1m[35m (0.2ms)[0m  [1m[31mROLLBACK[0m
  Rendering pets/new.html.erb within layouts/application
  Rendered pets/_form.html.erb (2.4ms)
  Rendered pets/new.html.erb within layouts/application (4.0ms)
Completed 200 OK in 82ms (Views: 74.9ms | ActiveRecord: 0.9ms)


Started GET "/pets" for ::1 at 2017-03-13 22:27:58 -0600
Processing by PetsController#index as HTML
  Rendering pets/index.html.erb within layouts/application
  [1m[36mPet Load (0.3ms)[0m  [1m[34mSELECT `pets`.* FROM `pets`[0m
  Rendered pets/index.html.erb within layouts/application (2.3ms)
Completed 200 OK in 80ms (Views: 76.6ms | ActiveRecord: 0.3ms)


Started GET "/pets" for ::1 at 2017-03-13 22:27:59 -0600
Processing by PetsController#index as HTML
  Rendering pets/index.html.erb within layouts/application
  [1m[36mPet Load (0.6ms)[0m  [1m[34mSELECT `pets`.* FROM `pets`[0m
  Rendered pets/index.html.erb within layouts/application (2.6ms)
Completed 200 OK in 99ms (Views: 95.1ms | ActiveRecord: 0.6ms)


Started GET "/pets" for ::1 at 2017-03-13 22:28:00 -0600
Processing by PetsController#index as HTML
  Rendering pets/index.html.erb within layouts/application
  [1m[36mPet Load (0.3ms)[0m  [1m[34mSELECT `pets`.* FROM `pets`[0m
  Rendered pets/index.html.erb within layouts/application (2.8ms)
Completed 200 OK in 109ms (Views: 106.4ms | ActiveRecord: 0.3ms)


Started GET "/pets" for ::1 at 2017-03-13 22:28:01 -0600
Processing by PetsController#index as HTML
  Rendering pets/index.html.erb within layouts/application
  [1m[36mPet Load (0.3ms)[0m  [1m[34mSELECT `pets`.* FROM `pets`[0m
  Rendered pets/index.html.erb within layouts/application (2.0ms)
Completed 200 OK in 124ms (Views: 120.3ms | ActiveRecord: 0.3ms)


Started GET "/pets" for ::1 at 2017-03-13 22:28:03 -0600
Processing by PetsController#index as HTML
  Rendering pets/index.html.erb within layouts/application
  [1m[36mPet Load (0.3ms)[0m  [1m[34mSELECT `pets`.* FROM `pets`[0m
  Rendered pets/index.html.erb within layouts/application (2.8ms)
Completed 200 OK in 141ms (Views: 134.2ms | ActiveRecord: 0.3ms)


Started GET "/pets" for ::1 at 2017-03-13 22:28:05 -0600
Processing by PetsController#index as HTML
  Rendering pets/index.html.erb within layouts/application
  [1m[36mPet Load (0.3ms)[0m  [1m[34mSELECT `pets`.* FROM `pets`[0m
  Rendered pets/index.html.erb within layouts/application (2.0ms)
Completed 200 OK in 88ms (Views: 84.9ms | ActiveRecord: 0.3ms)


Started GET "/users" for ::1 at 2017-03-13 22:28:12 -0600
Processing by UsersController#index as HTML
Completed 500 Internal Server Error in 8ms (ActiveRecord: 0.0ms)


  
LoadError (cannot load such file -- bcrypt):
  
app/models/user.rb:2:in `<class:User>'
app/models/user.rb:1:in `<top (required)>'
app/controllers/users_controller.rb:7:in `index'
  Rendering /Users/Emrazian/.rvm/gems/ruby-2.4.0@woof/gems/actionpack-5.0.2/lib/action_dispatch/middleware/templates/rescues/diagnostics.html.erb within rescues/layout
  Rendering /Users/Emrazian/.rvm/gems/ruby-2.4.0@woof/gems/actionpack-5.0.2/lib/action_dispatch/middleware/templates/rescues/_source.html.erb
  Rendered /Users/Emrazian/.rvm/gems/ruby-2.4.0@woof/gems/actionpack-5.0.2/lib/action_dispatch/middleware/templates/rescues/_source.html.erb (5.6ms)
  Rendering /Users/Emrazian/.rvm/gems/ruby-2.4.0@woof/gems/actionpack-5.0.2/lib/action_dispatch/middleware/templates/rescues/_trace.html.erb
  Rendered /Users/Emrazian/.rvm/gems/ruby-2.4.0@woof/gems/actionpack-5.0.2/lib/action_dispatch/middleware/templates/rescues/_trace.html.erb (2.0ms)
  Rendering /Users/Emrazian/.rvm/gems/ruby-2.4.0@woof/gems/actionpack-5.0.2/lib/action_dispatch/middleware/templates/rescues/_request_and_response.html.erb
  Rendered /Users/Emrazian/.rvm/gems/ruby-2.4.0@woof/gems/actionpack-5.0.2/lib/action_dispatch/middleware/templates/rescues/_request_and_response.html.erb (1.3ms)
  Rendered /Users/Emrazian/.rvm/gems/ruby-2.4.0@woof/gems/actionpack-5.0.2/lib/action_dispatch/middleware/templates/rescues/diagnostics.html.erb within rescues/layout (74.2ms)
Started GET "/pets" for ::1 at 2017-03-13 22:28:30 -0600
Processing by PetsController#index as HTML
  Rendering pets/index.html.erb within layouts/application
  [1m[36mPet Load (0.4ms)[0m  [1m[34mSELECT `pets`.* FROM `pets`[0m
  Rendered pets/index.html.erb within layouts/application (2.1ms)
Completed 200 OK in 93ms (Views: 79.0ms | ActiveRecord: 0.4ms)


Started GET "/pets" for ::1 at 2017-03-13 22:28:32 -0600
Processing by PetsController#index as HTML
  Rendering pets/index.html.erb within layouts/application
  [1m[36mPet Load (2.1ms)[0m  [1m[34mSELECT `pets`.* FROM `pets`[0m
  Rendered pets/index.html.erb within layouts/application (4.5ms)
Completed 200 OK in 85ms (Views: 80.5ms | ActiveRecord: 2.1ms)


Started GET "/pets" for ::1 at 2017-03-13 22:28:33 -0600
Processing by PetsController#index as HTML
  Rendering pets/index.html.erb within layouts/application
  [1m[36mPet Load (0.6ms)[0m  [1m[34mSELECT `pets`.* FROM `pets`[0m
  Rendered pets/index.html.erb within layouts/application (2.4ms)
Completed 200 OK in 94ms (Views: 89.0ms | ActiveRecord: 0.6ms)


Started GET "/pets" for ::1 at 2017-03-13 22:28:35 -0600
Processing by PetsController#index as HTML
  Rendering pets/index.html.erb within layouts/application
  [1m[36mPet Load (0.4ms)[0m  [1m[34mSELECT `pets`.* FROM `pets`[0m
  Rendered pets/index.html.erb within layouts/application (1.9ms)
Completed 200 OK in 80ms (Views: 75.5ms | ActiveRecord: 0.4ms)


Started GET "/users" for ::1 at 2017-03-13 22:28:56 -0600
Processing by UsersController#index as HTML
Completed 500 Internal Server Error in 7ms (ActiveRecord: 0.0ms)


  
LoadError (cannot load such file -- bcrypt):
  
app/models/user.rb:2:in `<class:User>'
app/models/user.rb:1:in `<top (required)>'
app/controllers/users_controller.rb:7:in `index'
  Rendering /Users/Emrazian/.rvm/gems/ruby-2.4.0@woof/gems/actionpack-5.0.2/lib/action_dispatch/middleware/templates/rescues/diagnostics.html.erb within rescues/layout
  Rendering /Users/Emrazian/.rvm/gems/ruby-2.4.0@woof/gems/actionpack-5.0.2/lib/action_dispatch/middleware/templates/rescues/_source.html.erb
  Rendered /Users/Emrazian/.rvm/gems/ruby-2.4.0@woof/gems/actionpack-5.0.2/lib/action_dispatch/middleware/templates/rescues/_source.html.erb (4.6ms)
  Rendering /Users/Emrazian/.rvm/gems/ruby-2.4.0@woof/gems/actionpack-5.0.2/lib/action_dispatch/middleware/templates/rescues/_trace.html.erb
  Rendered /Users/Emrazian/.rvm/gems/ruby-2.4.0@woof/gems/actionpack-5.0.2/lib/action_dispatch/middleware/templates/rescues/_trace.html.erb (2.2ms)
  Rendering /Users/Emrazian/.rvm/gems/ruby-2.4.0@woof/gems/actionpack-5.0.2/lib/action_dispatch/middleware/templates/rescues/_request_and_response.html.erb
  Rendered /Users/Emrazian/.rvm/gems/ruby-2.4.0@woof/gems/actionpack-5.0.2/lib/action_dispatch/middleware/templates/rescues/_request_and_response.html.erb (1.3ms)
  Rendered /Users/Emrazian/.rvm/gems/ruby-2.4.0@woof/gems/actionpack-5.0.2/lib/action_dispatch/middleware/templates/rescues/diagnostics.html.erb within rescues/layout (73.9ms)
Started GET "/pets" for ::1 at 2017-03-13 22:29:00 -0600
Processing by PetsController#index as HTML
  Rendering pets/index.html.erb within layouts/application
  [1m[36mPet Load (0.4ms)[0m  [1m[34mSELECT `pets`.* FROM `pets`[0m
  Rendered pets/index.html.erb within layouts/application (2.2ms)
Completed 200 OK in 77ms (Views: 74.9ms | ActiveRecord: 0.4ms)


Started GET "/pets" for ::1 at 2017-03-13 22:29:04 -0600
Processing by PetsController#index as HTML
  Rendering pets/index.html.erb within layouts/application
  [1m[36mPet Load (0.3ms)[0m  [1m[34mSELECT `pets`.* FROM `pets`[0m
  Rendered pets/index.html.erb within layouts/application (2.0ms)
Completed 200 OK in 76ms (Views: 73.8ms | ActiveRecord: 0.3ms)


Started GET "/groups" for ::1 at 2017-03-13 22:29:08 -0600
Processing by GroupsController#index as HTML
  Rendering groups/index.html.erb within layouts/application
  [1m[36mGroup Load (0.4ms)[0m  [1m[34mSELECT `groups`.* FROM `groups`[0m
  Rendered groups/index.html.erb within layouts/application (1.9ms)
Completed 200 OK in 74ms (Views: 70.6ms | ActiveRecord: 0.4ms)


